2022-02-10 01:36:00.761  WARN 74250 --- [HikariPool-1 housekeeper] com.zaxxer.hikari.pool.HikariPool        : HikariPool-1 - Thread starvation or clock leap detected (housekeeper delta=2h3m14s946ms).
2022-02-10 03:49:54.904  WARN 74250 --- [HikariPool-1 housekeeper] com.zaxxer.hikari.pool.HikariPool        : HikariPool-1 - Thread starvation or clock leap detected (housekeeper delta=2h13m54s144ms).
2022-02-10 06:24:23.997  WARN 74250 --- [HikariPool-1 housekeeper] com.zaxxer.hikari.pool.HikariPool        : HikariPool-1 - Thread starvation or clock leap detected (housekeeper delta=2h34m29s93ms).
2022-02-10 09:04:22.363  WARN 74250 --- [HikariPool-1 housekeeper] com.zaxxer.hikari.pool.HikariPool        : HikariPool-1 - Thread starvation or clock leap detected (housekeeper delta=2h39m58s366ms).
2022-02-10 09:04:52.238  INFO 74250 --- [SpringApplicationShutdownHook] j.LocalContainerEntityManagerFactoryBean : Closing JPA EntityManagerFactory for persistence unit 'default'
2022-02-10 09:04:52.245  INFO 74250 --- [SpringApplicationShutdownHook] com.zaxxer.hikari.HikariDataSource       : HikariPool-1 - Shutdown initiated...
2022-02-10 09:04:52.267  INFO 74250 --- [SpringApplicationShutdownHook] com.zaxxer.hikari.HikariDataSource       : HikariPool-1 - Shutdown completed.
2022-02-10 16:18:25.852  INFO 81856 --- [main] M.W.WalletManagementApplication          : Starting WalletManagementApplication using Java 17.0.2 on PPBNOMBPBT-218.local with PID 81856 (/Users/ambesh.kumar/Documents/project/UserManagement/target/classes started by ambesh.kumar in /Users/ambesh.kumar/Documents/project/UserManagement)
2022-02-10 16:18:25.855 DEBUG 81856 --- [main] M.W.WalletManagementApplication          : Running with Spring Boot v2.6.2, Spring v5.3.14
2022-02-10 16:18:25.855  INFO 81856 --- [main] M.W.WalletManagementApplication          : No active profile set, falling back to default profiles: default
2022-02-10 16:18:27.104  INFO 81856 --- [main] .s.d.r.c.RepositoryConfigurationDelegate : Bootstrapping Spring Data JPA repositories in DEFAULT mode.
2022-02-10 16:18:27.223  INFO 81856 --- [main] .s.d.r.c.RepositoryConfigurationDelegate : Finished Spring Data repository scanning in 102 ms. Found 3 JPA repository interfaces.
2022-02-10 16:18:28.282  INFO 81856 --- [main] o.s.b.w.embedded.tomcat.TomcatWebServer  : Tomcat initialized with port(s): 8080 (http)
2022-02-10 16:18:28.291  INFO 81856 --- [main] o.apache.catalina.core.StandardService   : Starting service [Tomcat]
2022-02-10 16:18:28.292  INFO 81856 --- [main] org.apache.catalina.core.StandardEngine  : Starting Servlet engine: [Apache Tomcat/9.0.56]
2022-02-10 16:18:28.410  INFO 81856 --- [main] o.a.c.c.C.[Tomcat].[localhost].[/]       : Initializing Spring embedded WebApplicationContext
2022-02-10 16:18:28.411  INFO 81856 --- [main] w.s.c.ServletWebServerApplicationContext : Root WebApplicationContext: initialization completed in 2430 ms
2022-02-10 16:18:28.742  INFO 81856 --- [main] o.hibernate.jpa.internal.util.LogHelper  : HHH000204: Processing PersistenceUnitInfo [name: default]
2022-02-10 16:18:28.773  INFO 81856 --- [main] org.hibernate.Version                    : HHH000412: Hibernate ORM core version 5.6.3.Final
2022-02-10 16:18:28.875  INFO 81856 --- [main] o.hibernate.annotations.common.Version   : HCANN000001: Hibernate Commons Annotations {5.1.2.Final}
2022-02-10 16:18:28.937  INFO 81856 --- [main] com.zaxxer.hikari.HikariDataSource       : HikariPool-1 - Starting...
2022-02-10 16:18:29.137  INFO 81856 --- [main] com.zaxxer.hikari.HikariDataSource       : HikariPool-1 - Start completed.
2022-02-10 16:18:29.159  INFO 81856 --- [main] org.hibernate.dialect.Dialect            : HHH000400: Using dialect: org.hibernate.dialect.MySQL8Dialect
2022-02-10 16:18:29.780  INFO 81856 --- [main] o.h.e.t.j.p.i.JtaPlatformInitiator       : HHH000490: Using JtaPlatform implementation: [org.hibernate.engine.transaction.jta.platform.internal.NoJtaPlatform]
2022-02-10 16:18:29.787  INFO 81856 --- [main] j.LocalContainerEntityManagerFactoryBean : Initialized JPA EntityManagerFactory for persistence unit 'default'
2022-02-10 16:18:30.230 DEBUG 81856 --- [main] M.W.config.JwtAuthFilter                 : Filter 'jwtAuthFilter' configured for use
2022-02-10 16:18:30.305  WARN 81856 --- [main] JpaBaseConfiguration$JpaWebConfiguration : spring.jpa.open-in-view is enabled by default. Therefore, database queries may be performed during view rendering. Explicitly configure spring.jpa.open-in-view to disable this warning
2022-02-10 16:18:30.598  INFO 81856 --- [main] o.s.s.web.DefaultSecurityFilterChain     : Will secure any request with [org.springframework.security.web.context.request.async.WebAsyncManagerIntegrationFilter@8dcacf1, org.springframework.security.web.context.SecurityContextPersistenceFilter@52b30dcd, org.springframework.security.web.header.HeaderWriterFilter@5c459194, org.springframework.security.web.authentication.logout.LogoutFilter@4f65af91, Milestone2.Wallet_Management_Project.config.JwtAuthFilter@53c40ed6, org.springframework.security.web.savedrequest.RequestCacheAwareFilter@1bbc1b90, org.springframework.security.web.servletapi.SecurityContextHolderAwareRequestFilter@795131d6, org.springframework.security.web.authentication.AnonymousAuthenticationFilter@50f13494, org.springframework.security.web.session.SessionManagementFilter@314c6f89, org.springframework.security.web.access.ExceptionTranslationFilter@4d3990a5, org.springframework.security.web.access.intercept.FilterSecurityInterceptor@280c3dc0]
2022-02-10 16:18:31.321  INFO 81856 --- [main] o.s.b.w.embedded.tomcat.TomcatWebServer  : Tomcat started on port(s): 8080 (http) with context path ''
2022-02-10 16:18:31.338  INFO 81856 --- [main] M.W.WalletManagementApplication          : Started WalletManagementApplication in 6.238 seconds (JVM running for 6.927)
2022-02-10 16:18:38.024  INFO 81856 --- [http-nio-8080-exec-1] o.a.c.c.C.[Tomcat].[localhost].[/]       : Initializing Spring DispatcherServlet 'dispatcherServlet'
2022-02-10 16:18:38.025  INFO 81856 --- [http-nio-8080-exec-1] o.s.web.servlet.DispatcherServlet        : Initializing Servlet 'dispatcherServlet'
2022-02-10 16:18:38.029  INFO 81856 --- [http-nio-8080-exec-1] o.s.web.servlet.DispatcherServlet        : Completed initialization in 4 ms
2022-02-10 16:22:39.912  INFO 81856 --- [SpringApplicationShutdownHook] j.LocalContainerEntityManagerFactoryBean : Closing JPA EntityManagerFactory for persistence unit 'default'
2022-02-10 16:22:39.926  INFO 81856 --- [SpringApplicationShutdownHook] com.zaxxer.hikari.HikariDataSource       : HikariPool-1 - Shutdown initiated...
2022-02-10 16:22:39.972  INFO 81856 --- [SpringApplicationShutdownHook] com.zaxxer.hikari.HikariDataSource       : HikariPool-1 - Shutdown completed.
2022-02-10 16:22:59.491  INFO 82039 --- [main] M.W.WalletManagementApplication          : Starting WalletManagementApplication using Java 17.0.2 on PPBNOMBPBT-218.local with PID 82039 (/Users/ambesh.kumar/Documents/project/UserManagement/target/classes started by ambesh.kumar in /Users/ambesh.kumar/Documents/project/UserManagement)
2022-02-10 16:22:59.495 DEBUG 82039 --- [main] M.W.WalletManagementApplication          : Running with Spring Boot v2.6.2, Spring v5.3.14
2022-02-10 16:22:59.495  INFO 82039 --- [main] M.W.WalletManagementApplication          : No active profile set, falling back to default profiles: default
2022-02-10 16:23:00.807  INFO 82039 --- [main] .s.d.r.c.RepositoryConfigurationDelegate : Bootstrapping Spring Data JPA repositories in DEFAULT mode.
2022-02-10 16:23:00.925  INFO 82039 --- [main] .s.d.r.c.RepositoryConfigurationDelegate : Finished Spring Data repository scanning in 101 ms. Found 3 JPA repository interfaces.
2022-02-10 16:23:01.837  INFO 82039 --- [main] o.s.b.w.embedded.tomcat.TomcatWebServer  : Tomcat initialized with port(s): 8080 (http)
2022-02-10 16:23:01.850  INFO 82039 --- [main] o.apache.catalina.core.StandardService   : Starting service [Tomcat]
2022-02-10 16:23:01.850  INFO 82039 --- [main] org.apache.catalina.core.StandardEngine  : Starting Servlet engine: [Apache Tomcat/9.0.56]
2022-02-10 16:23:01.983  INFO 82039 --- [main] o.a.c.c.C.[Tomcat].[localhost].[/]       : Initializing Spring embedded WebApplicationContext
2022-02-10 16:23:01.983  INFO 82039 --- [main] w.s.c.ServletWebServerApplicationContext : Root WebApplicationContext: initialization completed in 2371 ms
2022-02-10 16:23:02.538  INFO 82039 --- [main] o.hibernate.jpa.internal.util.LogHelper  : HHH000204: Processing PersistenceUnitInfo [name: default]
2022-02-10 16:23:02.577  INFO 82039 --- [main] org.hibernate.Version                    : HHH000412: Hibernate ORM core version 5.6.3.Final
2022-02-10 16:23:02.708  INFO 82039 --- [main] o.hibernate.annotations.common.Version   : HCANN000001: Hibernate Commons Annotations {5.1.2.Final}
2022-02-10 16:23:02.780  INFO 82039 --- [main] com.zaxxer.hikari.HikariDataSource       : HikariPool-1 - Starting...
2022-02-10 16:23:02.989  INFO 82039 --- [main] com.zaxxer.hikari.HikariDataSource       : HikariPool-1 - Start completed.
2022-02-10 16:23:03.012  INFO 82039 --- [main] org.hibernate.dialect.Dialect            : HHH000400: Using dialect: org.hibernate.dialect.MySQL8Dialect
2022-02-10 16:23:03.769  INFO 82039 --- [main] o.h.e.t.j.p.i.JtaPlatformInitiator       : HHH000490: Using JtaPlatform implementation: [org.hibernate.engine.transaction.jta.platform.internal.NoJtaPlatform]
2022-02-10 16:23:03.777  INFO 82039 --- [main] j.LocalContainerEntityManagerFactoryBean : Initialized JPA EntityManagerFactory for persistence unit 'default'
2022-02-10 16:23:04.268 DEBUG 82039 --- [main] M.W.config.JwtAuthFilter                 : Filter 'jwtAuthFilter' configured for use
2022-02-10 16:23:04.372  WARN 82039 --- [main] JpaBaseConfiguration$JpaWebConfiguration : spring.jpa.open-in-view is enabled by default. Therefore, database queries may be performed during view rendering. Explicitly configure spring.jpa.open-in-view to disable this warning
2022-02-10 16:23:04.826  INFO 82039 --- [main] o.s.s.web.DefaultSecurityFilterChain     : Will secure any request with [org.springframework.security.web.context.request.async.WebAsyncManagerIntegrationFilter@1fa796a4, org.springframework.security.web.context.SecurityContextPersistenceFilter@69cb134, org.springframework.security.web.header.HeaderWriterFilter@220cda54, org.springframework.security.web.authentication.logout.LogoutFilter@8636cf4, Milestone2.Wallet_Management_Project.config.JwtAuthFilter@2697c156, org.springframework.security.web.savedrequest.RequestCacheAwareFilter@314c6f89, org.springframework.security.web.servletapi.SecurityContextHolderAwareRequestFilter@29e3c28, org.springframework.security.web.authentication.AnonymousAuthenticationFilter@68de8522, org.springframework.security.web.session.SessionManagementFilter@270097ce, org.springframework.security.web.access.ExceptionTranslationFilter@2c3b0cc8, org.springframework.security.web.access.intercept.FilterSecurityInterceptor@55cb3b7]
2022-02-10 16:23:05.593  INFO 82039 --- [main] o.s.b.w.embedded.tomcat.TomcatWebServer  : Tomcat started on port(s): 8080 (http) with context path ''
2022-02-10 16:23:05.613  INFO 82039 --- [main] M.W.WalletManagementApplication          : Started WalletManagementApplication in 7.204 seconds (JVM running for 7.927)
2022-02-10 16:23:24.530  INFO 82039 --- [SpringApplicationShutdownHook] j.LocalContainerEntityManagerFactoryBean : Closing JPA EntityManagerFactory for persistence unit 'default'
2022-02-10 16:23:24.532  INFO 82039 --- [SpringApplicationShutdownHook] com.zaxxer.hikari.HikariDataSource       : HikariPool-1 - Shutdown initiated...
2022-02-10 16:23:24.543  INFO 82039 --- [SpringApplicationShutdownHook] com.zaxxer.hikari.HikariDataSource       : HikariPool-1 - Shutdown completed.
2022-02-10 16:23:29.231  INFO 82068 --- [main] M.W.WalletManagementApplication          : Starting WalletManagementApplication using Java 17.0.2 on PPBNOMBPBT-218.local with PID 82068 (/Users/ambesh.kumar/Documents/project/UserManagement/target/classes started by ambesh.kumar in /Users/ambesh.kumar/Documents/project/UserManagement)
2022-02-10 16:23:29.240 DEBUG 82068 --- [main] M.W.WalletManagementApplication          : Running with Spring Boot v2.6.2, Spring v5.3.14
2022-02-10 16:23:29.241  INFO 82068 --- [main] M.W.WalletManagementApplication          : No active profile set, falling back to default profiles: default
2022-02-10 16:23:30.457  INFO 82068 --- [main] .s.d.r.c.RepositoryConfigurationDelegate : Bootstrapping Spring Data JPA repositories in DEFAULT mode.
2022-02-10 16:23:30.569  INFO 82068 --- [main] .s.d.r.c.RepositoryConfigurationDelegate : Finished Spring Data repository scanning in 98 ms. Found 3 JPA repository interfaces.
2022-02-10 16:23:31.665  INFO 82068 --- [main] o.s.b.w.embedded.tomcat.TomcatWebServer  : Tomcat initialized with port(s): 8080 (http)
2022-02-10 16:23:31.675  INFO 82068 --- [main] o.apache.catalina.core.StandardService   : Starting service [Tomcat]
2022-02-10 16:23:31.675  INFO 82068 --- [main] org.apache.catalina.core.StandardEngine  : Starting Servlet engine: [Apache Tomcat/9.0.56]
2022-02-10 16:23:31.811  INFO 82068 --- [main] o.a.c.c.C.[Tomcat].[localhost].[/]       : Initializing Spring embedded WebApplicationContext
2022-02-10 16:23:31.811  INFO 82068 --- [main] w.s.c.ServletWebServerApplicationContext : Root WebApplicationContext: initialization completed in 2464 ms
2022-02-10 16:23:32.236  INFO 82068 --- [main] o.hibernate.jpa.internal.util.LogHelper  : HHH000204: Processing PersistenceUnitInfo [name: default]
2022-02-10 16:23:32.272  INFO 82068 --- [main] org.hibernate.Version                    : HHH000412: Hibernate ORM core version 5.6.3.Final
2022-02-10 16:23:32.392  INFO 82068 --- [main] o.hibernate.annotations.common.Version   : HCANN000001: Hibernate Commons Annotations {5.1.2.Final}
2022-02-10 16:23:32.471  INFO 82068 --- [main] com.zaxxer.hikari.HikariDataSource       : HikariPool-1 - Starting...
2022-02-10 16:23:32.687  INFO 82068 --- [main] com.zaxxer.hikari.HikariDataSource       : HikariPool-1 - Start completed.
2022-02-10 16:23:32.707  INFO 82068 --- [main] org.hibernate.dialect.Dialect            : HHH000400: Using dialect: org.hibernate.dialect.MySQL8Dialect
2022-02-10 16:23:33.340  INFO 82068 --- [main] o.h.e.t.j.p.i.JtaPlatformInitiator       : HHH000490: Using JtaPlatform implementation: [org.hibernate.engine.transaction.jta.platform.internal.NoJtaPlatform]
2022-02-10 16:23:33.348  INFO 82068 --- [main] j.LocalContainerEntityManagerFactoryBean : Initialized JPA EntityManagerFactory for persistence unit 'default'
2022-02-10 16:23:34.041 DEBUG 82068 --- [main] M.W.config.JwtAuthFilter                 : Filter 'jwtAuthFilter' configured for use
2022-02-10 16:23:34.149  WARN 82068 --- [main] JpaBaseConfiguration$JpaWebConfiguration : spring.jpa.open-in-view is enabled by default. Therefore, database queries may be performed during view rendering. Explicitly configure spring.jpa.open-in-view to disable this warning
2022-02-10 16:23:34.541  INFO 82068 --- [main] o.s.s.web.DefaultSecurityFilterChain     : Will secure any request with [org.springframework.security.web.context.request.async.WebAsyncManagerIntegrationFilter@1238a074, org.springframework.security.web.context.SecurityContextPersistenceFilter@1d33e72e, org.springframework.security.web.header.HeaderWriterFilter@480994d3, org.springframework.security.web.authentication.logout.LogoutFilter@450f0d89, Milestone2.Wallet_Management_Project.config.JwtAuthFilter@217fd3c, org.springframework.security.web.savedrequest.RequestCacheAwareFilter@46bdc55e, org.springframework.security.web.servletapi.SecurityContextHolderAwareRequestFilter@b5311cb, org.springframework.security.web.authentication.AnonymousAuthenticationFilter@35b58254, org.springframework.security.web.session.SessionManagementFilter@1f1ffc18, org.springframework.security.web.access.ExceptionTranslationFilter@1bbc1b90, org.springframework.security.web.access.intercept.FilterSecurityInterceptor@182fd26b]
2022-02-10 16:23:35.255  INFO 82068 --- [main] o.s.b.w.embedded.tomcat.TomcatWebServer  : Tomcat started on port(s): 8080 (http) with context path ''
2022-02-10 16:23:35.278  INFO 82068 --- [main] M.W.WalletManagementApplication          : Started WalletManagementApplication in 6.788 seconds (JVM running for 7.512)
2022-02-10 16:23:39.447  INFO 82068 --- [http-nio-8080-exec-2] o.a.c.c.C.[Tomcat].[localhost].[/]       : Initializing Spring DispatcherServlet 'dispatcherServlet'
2022-02-10 16:23:39.448  INFO 82068 --- [http-nio-8080-exec-2] o.s.web.servlet.DispatcherServlet        : Initializing Servlet 'dispatcherServlet'
2022-02-10 16:23:39.457  INFO 82068 --- [http-nio-8080-exec-2] o.s.web.servlet.DispatcherServlet        : Completed initialization in 9 ms
2022-02-10 16:25:45.018  INFO 82068 --- [SpringApplicationShutdownHook] j.LocalContainerEntityManagerFactoryBean : Closing JPA EntityManagerFactory for persistence unit 'default'
2022-02-10 16:25:45.024  INFO 82068 --- [SpringApplicationShutdownHook] com.zaxxer.hikari.HikariDataSource       : HikariPool-1 - Shutdown initiated...
2022-02-10 16:25:45.042  INFO 82068 --- [SpringApplicationShutdownHook] com.zaxxer.hikari.HikariDataSource       : HikariPool-1 - Shutdown completed.
2022-02-10 16:31:55.457  INFO 82440 --- [main] M.W.WalletManagementApplication          : Starting WalletManagementApplication using Java 17.0.2 on PPBNOMBPBT-218.local with PID 82440 (/Users/ambesh.kumar/Documents/project/UserManagement/target/classes started by ambesh.kumar in /Users/ambesh.kumar/Documents/project/UserManagement)
2022-02-10 16:31:55.461 DEBUG 82440 --- [main] M.W.WalletManagementApplication          : Running with Spring Boot v2.6.2, Spring v5.3.14
2022-02-10 16:31:55.462  INFO 82440 --- [main] M.W.WalletManagementApplication          : No active profile set, falling back to default profiles: default
2022-02-10 16:31:56.720  INFO 82440 --- [main] .s.d.r.c.RepositoryConfigurationDelegate : Bootstrapping Spring Data JPA repositories in DEFAULT mode.
2022-02-10 16:31:56.820  INFO 82440 --- [main] .s.d.r.c.RepositoryConfigurationDelegate : Finished Spring Data repository scanning in 90 ms. Found 3 JPA repository interfaces.
2022-02-10 16:31:57.915  INFO 82440 --- [main] o.s.b.w.embedded.tomcat.TomcatWebServer  : Tomcat initialized with port(s): 8080 (http)
2022-02-10 16:31:57.927  INFO 82440 --- [main] o.apache.catalina.core.StandardService   : Starting service [Tomcat]
2022-02-10 16:31:57.927  INFO 82440 --- [main] org.apache.catalina.core.StandardEngine  : Starting Servlet engine: [Apache Tomcat/9.0.56]
2022-02-10 16:31:58.075  INFO 82440 --- [main] o.a.c.c.C.[Tomcat].[localhost].[/]       : Initializing Spring embedded WebApplicationContext
2022-02-10 16:31:58.075  INFO 82440 --- [main] w.s.c.ServletWebServerApplicationContext : Root WebApplicationContext: initialization completed in 2503 ms
2022-02-10 16:31:58.610  INFO 82440 --- [main] o.hibernate.jpa.internal.util.LogHelper  : HHH000204: Processing PersistenceUnitInfo [name: default]
2022-02-10 16:31:58.644  INFO 82440 --- [main] org.hibernate.Version                    : HHH000412: Hibernate ORM core version 5.6.3.Final
2022-02-10 16:31:58.779  INFO 82440 --- [main] o.hibernate.annotations.common.Version   : HCANN000001: Hibernate Commons Annotations {5.1.2.Final}
2022-02-10 16:31:58.862  INFO 82440 --- [main] com.zaxxer.hikari.HikariDataSource       : HikariPool-1 - Starting...
2022-02-10 16:31:59.065  INFO 82440 --- [main] com.zaxxer.hikari.HikariDataSource       : HikariPool-1 - Start completed.
2022-02-10 16:31:59.089  INFO 82440 --- [main] org.hibernate.dialect.Dialect            : HHH000400: Using dialect: org.hibernate.dialect.MySQL8Dialect
2022-02-10 16:31:59.799  INFO 82440 --- [main] o.h.e.t.j.p.i.JtaPlatformInitiator       : HHH000490: Using JtaPlatform implementation: [org.hibernate.engine.transaction.jta.platform.internal.NoJtaPlatform]
2022-02-10 16:31:59.810  INFO 82440 --- [main] j.LocalContainerEntityManagerFactoryBean : Initialized JPA EntityManagerFactory for persistence unit 'default'
2022-02-10 16:32:00.366 DEBUG 82440 --- [main] M.W.config.JwtAuthFilter                 : Filter 'jwtAuthFilter' configured for use
2022-02-10 16:32:00.643  WARN 82440 --- [main] JpaBaseConfiguration$JpaWebConfiguration : spring.jpa.open-in-view is enabled by default. Therefore, database queries may be performed during view rendering. Explicitly configure spring.jpa.open-in-view to disable this warning
2022-02-10 16:32:01.335  INFO 82440 --- [main] o.s.s.web.DefaultSecurityFilterChain     : Will secure any request with [org.springframework.security.web.context.request.async.WebAsyncManagerIntegrationFilter@2ae08750, org.springframework.security.web.context.SecurityContextPersistenceFilter@11577ab8, org.springframework.security.web.header.HeaderWriterFilter@6e225c34, org.springframework.security.web.authentication.logout.LogoutFilter@7872e91f, Milestone2.Wallet_Management_Project.config.JwtAuthFilter@5b2ff4df, org.springframework.security.web.savedrequest.RequestCacheAwareFilter@5759edff, org.springframework.security.web.servletapi.SecurityContextHolderAwareRequestFilter@64381526, org.springframework.security.web.authentication.AnonymousAuthenticationFilter@44117b0d, org.springframework.security.web.session.SessionManagementFilter@29d563bd, org.springframework.security.web.access.ExceptionTranslationFilter@7c39193f, org.springframework.security.web.access.intercept.FilterSecurityInterceptor@6a7ea7c]
2022-02-10 16:32:03.473  INFO 82440 --- [main] o.s.b.w.embedded.tomcat.TomcatWebServer  : Tomcat started on port(s): 8080 (http) with context path ''
2022-02-10 16:32:03.489  INFO 82440 --- [main] M.W.WalletManagementApplication          : Started WalletManagementApplication in 8.915 seconds (JVM running for 9.612)
2022-02-10 16:32:11.431  INFO 82440 --- [http-nio-8080-exec-1] o.a.c.c.C.[Tomcat].[localhost].[/]       : Initializing Spring DispatcherServlet 'dispatcherServlet'
2022-02-10 16:32:11.432  INFO 82440 --- [http-nio-8080-exec-1] o.s.web.servlet.DispatcherServlet        : Initializing Servlet 'dispatcherServlet'
2022-02-10 16:32:11.440  INFO 82440 --- [http-nio-8080-exec-1] o.s.web.servlet.DispatcherServlet        : Completed initialization in 7 ms
2022-02-10 16:32:12.645  INFO 82440 --- [http-nio-8080-exec-7] o.springdoc.api.AbstractOpenApiResource  : Init duration for springdoc-openapi is: 701 ms
2022-02-10 16:35:47.529  INFO 82440 --- [SpringApplicationShutdownHook] j.LocalContainerEntityManagerFactoryBean : Closing JPA EntityManagerFactory for persistence unit 'default'
2022-02-10 16:35:47.530  INFO 82440 --- [SpringApplicationShutdownHook] com.zaxxer.hikari.HikariDataSource       : HikariPool-1 - Shutdown initiated...
2022-02-10 16:35:47.539  INFO 82440 --- [SpringApplicationShutdownHook] com.zaxxer.hikari.HikariDataSource       : HikariPool-1 - Shutdown completed.
2022-02-10 16:37:18.152  INFO 82623 --- [main] M.W.c.TransactionControllerTest          : Starting TransactionControllerTest using Java 17.0.2 on PPBNOMBPBT-218.local with PID 82623 (started by ambesh.kumar in /Users/ambesh.kumar/Documents/project/UserManagement)
2022-02-10 16:37:18.154 DEBUG 82623 --- [main] M.W.c.TransactionControllerTest          : Running with Spring Boot v2.6.2, Spring v5.3.14
2022-02-10 16:37:18.154  INFO 82623 --- [main] M.W.c.TransactionControllerTest          : No active profile set, falling back to default profiles: default
2022-02-10 16:37:19.381  INFO 82623 --- [main] .s.d.r.c.RepositoryConfigurationDelegate : Bootstrapping Spring Data JPA repositories in DEFAULT mode.
2022-02-10 16:37:19.484  INFO 82623 --- [main] .s.d.r.c.RepositoryConfigurationDelegate : Finished Spring Data repository scanning in 97 ms. Found 3 JPA repository interfaces.
2022-02-10 16:37:20.677  INFO 82623 --- [main] o.hibernate.jpa.internal.util.LogHelper  : HHH000204: Processing PersistenceUnitInfo [name: default]
2022-02-10 16:37:20.715  INFO 82623 --- [main] org.hibernate.Version                    : HHH000412: Hibernate ORM core version 5.6.3.Final
2022-02-10 16:37:20.843  INFO 82623 --- [main] o.hibernate.annotations.common.Version   : HCANN000001: Hibernate Commons Annotations {5.1.2.Final}
2022-02-10 16:37:20.951  INFO 82623 --- [main] com.zaxxer.hikari.HikariDataSource       : HikariPool-1 - Starting...
2022-02-10 16:37:21.213  INFO 82623 --- [main] com.zaxxer.hikari.HikariDataSource       : HikariPool-1 - Start completed.
2022-02-10 16:37:21.251  INFO 82623 --- [main] org.hibernate.dialect.Dialect            : HHH000400: Using dialect: org.hibernate.dialect.MySQL8Dialect
2022-02-10 16:37:21.964  INFO 82623 --- [main] o.h.e.t.j.p.i.JtaPlatformInitiator       : HHH000490: Using JtaPlatform implementation: [org.hibernate.engine.transaction.jta.platform.internal.NoJtaPlatform]
2022-02-10 16:37:21.971  INFO 82623 --- [main] j.LocalContainerEntityManagerFactoryBean : Initialized JPA EntityManagerFactory for persistence unit 'default'
2022-02-10 16:37:23.091  WARN 82623 --- [main] JpaBaseConfiguration$JpaWebConfiguration : spring.jpa.open-in-view is enabled by default. Therefore, database queries may be performed during view rendering. Explicitly configure spring.jpa.open-in-view to disable this warning
2022-02-10 16:37:23.783  INFO 82623 --- [main] o.s.s.web.DefaultSecurityFilterChain     : Will secure any request with [org.springframework.security.web.context.request.async.WebAsyncManagerIntegrationFilter@c6a3f47, org.springframework.security.web.context.SecurityContextPersistenceFilter@72e1e587, org.springframework.security.web.header.HeaderWriterFilter@297454f7, org.springframework.security.web.authentication.logout.LogoutFilter@1d7af82, Milestone2.Wallet_Management_Project.config.JwtAuthFilter@6e7f29d5, org.springframework.security.web.savedrequest.RequestCacheAwareFilter@2fce8243, org.springframework.security.web.servletapi.SecurityContextHolderAwareRequestFilter@3506bc8b, org.springframework.security.web.authentication.AnonymousAuthenticationFilter@15a0f9, org.springframework.security.web.session.SessionManagementFilter@755009f2, org.springframework.security.web.access.ExceptionTranslationFilter@4db4431b, org.springframework.security.web.access.intercept.FilterSecurityInterceptor@2e5c7cd5]
2022-02-10 16:37:26.914  INFO 82623 --- [main] o.s.b.t.m.w.SpringBootMockServletContext : Initializing Spring TestDispatcherServlet ''
2022-02-10 16:37:26.919  INFO 82623 --- [main] o.s.t.web.servlet.TestDispatcherServlet  : Initializing Servlet ''
2022-02-10 16:37:26.921  INFO 82623 --- [main] o.s.t.web.servlet.TestDispatcherServlet  : Completed initialization in 1 ms
2022-02-10 16:37:26.975  INFO 82623 --- [main] M.W.c.TransactionControllerTest          : Started TransactionControllerTest in 9.577 seconds (JVM running for 11.471)
2022-02-10 16:37:27.491  INFO 82623 --- [SpringApplicationShutdownHook] j.LocalContainerEntityManagerFactoryBean : Closing JPA EntityManagerFactory for persistence unit 'default'
2022-02-10 16:37:27.492  INFO 82623 --- [SpringApplicationShutdownHook] com.zaxxer.hikari.HikariDataSource       : HikariPool-1 - Shutdown initiated...
2022-02-10 16:37:27.513  INFO 82623 --- [SpringApplicationShutdownHook] com.zaxxer.hikari.HikariDataSource       : HikariPool-1 - Shutdown completed.
2022-02-10 16:42:31.486  INFO 82827 --- [main] M.W.c.TransactionControllerTest          : Starting TransactionControllerTest using Java 17.0.2 on PPBNOMBPBT-218.local with PID 82827 (started by ambesh.kumar in /Users/ambesh.kumar/Documents/project/UserManagement)
2022-02-10 16:42:31.488 DEBUG 82827 --- [main] M.W.c.TransactionControllerTest          : Running with Spring Boot v2.6.2, Spring v5.3.14
2022-02-10 16:42:31.489  INFO 82827 --- [main] M.W.c.TransactionControllerTest          : No active profile set, falling back to default profiles: default
2022-02-10 16:42:32.827  INFO 82827 --- [main] .s.d.r.c.RepositoryConfigurationDelegate : Bootstrapping Spring Data JPA repositories in DEFAULT mode.
2022-02-10 16:42:32.922  INFO 82827 --- [main] .s.d.r.c.RepositoryConfigurationDelegate : Finished Spring Data repository scanning in 87 ms. Found 3 JPA repository interfaces.
2022-02-10 16:42:34.251  INFO 82827 --- [main] o.hibernate.jpa.internal.util.LogHelper  : HHH000204: Processing PersistenceUnitInfo [name: default]
2022-02-10 16:42:34.282  INFO 82827 --- [main] org.hibernate.Version                    : HHH000412: Hibernate ORM core version 5.6.3.Final
2022-02-10 16:42:34.392  INFO 82827 --- [main] o.hibernate.annotations.common.Version   : HCANN000001: Hibernate Commons Annotations {5.1.2.Final}
2022-02-10 16:42:34.484  INFO 82827 --- [main] com.zaxxer.hikari.HikariDataSource       : HikariPool-1 - Starting...
2022-02-10 16:42:34.734  INFO 82827 --- [main] com.zaxxer.hikari.HikariDataSource       : HikariPool-1 - Start completed.
2022-02-10 16:42:34.757  INFO 82827 --- [main] org.hibernate.dialect.Dialect            : HHH000400: Using dialect: org.hibernate.dialect.MySQL8Dialect
2022-02-10 16:42:35.469  INFO 82827 --- [main] o.h.e.t.j.p.i.JtaPlatformInitiator       : HHH000490: Using JtaPlatform implementation: [org.hibernate.engine.transaction.jta.platform.internal.NoJtaPlatform]
2022-02-10 16:42:35.490  INFO 82827 --- [main] j.LocalContainerEntityManagerFactoryBean : Initialized JPA EntityManagerFactory for persistence unit 'default'
2022-02-10 16:42:36.821  WARN 82827 --- [main] JpaBaseConfiguration$JpaWebConfiguration : spring.jpa.open-in-view is enabled by default. Therefore, database queries may be performed during view rendering. Explicitly configure spring.jpa.open-in-view to disable this warning
2022-02-10 16:42:37.486  INFO 82827 --- [main] o.s.s.web.DefaultSecurityFilterChain     : Will secure any request with [org.springframework.security.web.context.request.async.WebAsyncManagerIntegrationFilter@571c7572, org.springframework.security.web.context.SecurityContextPersistenceFilter@70b630d, org.springframework.security.web.header.HeaderWriterFilter@69dc7b24, org.springframework.security.web.authentication.logout.LogoutFilter@1fc4483f, Milestone2.Wallet_Management_Project.config.JwtAuthFilter@6e7f29d5, org.springframework.security.web.savedrequest.RequestCacheAwareFilter@73818435, org.springframework.security.web.servletapi.SecurityContextHolderAwareRequestFilter@1361e880, org.springframework.security.web.authentication.AnonymousAuthenticationFilter@c6a3f47, org.springframework.security.web.session.SessionManagementFilter@44ec4a38, org.springframework.security.web.access.ExceptionTranslationFilter@296a71df, org.springframework.security.web.access.intercept.FilterSecurityInterceptor@2123a61c]
2022-02-10 16:42:40.526  INFO 82827 --- [main] o.s.b.t.m.w.SpringBootMockServletContext : Initializing Spring TestDispatcherServlet ''
2022-02-10 16:42:40.529  INFO 82827 --- [main] o.s.t.web.servlet.TestDispatcherServlet  : Initializing Servlet ''
2022-02-10 16:42:40.531  INFO 82827 --- [main] o.s.t.web.servlet.TestDispatcherServlet  : Completed initialization in 1 ms
2022-02-10 16:42:40.568  INFO 82827 --- [main] M.W.c.TransactionControllerTest          : Started TransactionControllerTest in 9.919 seconds (JVM running for 11.731)
2022-02-10 16:42:41.077  INFO 82827 --- [SpringApplicationShutdownHook] j.LocalContainerEntityManagerFactoryBean : Closing JPA EntityManagerFactory for persistence unit 'default'
2022-02-10 16:42:41.079  INFO 82827 --- [SpringApplicationShutdownHook] com.zaxxer.hikari.HikariDataSource       : HikariPool-1 - Shutdown initiated...
2022-02-10 16:42:41.094  INFO 82827 --- [SpringApplicationShutdownHook] com.zaxxer.hikari.HikariDataSource       : HikariPool-1 - Shutdown completed.
2022-02-10 16:42:53.054  INFO 82845 --- [main] M.W.WalletManagementApplication          : Starting WalletManagementApplication using Java 17.0.2 on PPBNOMBPBT-218.local with PID 82845 (/Users/ambesh.kumar/Documents/project/UserManagement/target/classes started by ambesh.kumar in /Users/ambesh.kumar/Documents/project/UserManagement)
2022-02-10 16:42:53.057 DEBUG 82845 --- [main] M.W.WalletManagementApplication          : Running with Spring Boot v2.6.2, Spring v5.3.14
2022-02-10 16:42:53.057  INFO 82845 --- [main] M.W.WalletManagementApplication          : No active profile set, falling back to default profiles: default
2022-02-10 16:42:54.321  INFO 82845 --- [main] .s.d.r.c.RepositoryConfigurationDelegate : Bootstrapping Spring Data JPA repositories in DEFAULT mode.
2022-02-10 16:42:54.417  INFO 82845 --- [main] .s.d.r.c.RepositoryConfigurationDelegate : Finished Spring Data repository scanning in 82 ms. Found 3 JPA repository interfaces.
2022-02-10 16:42:55.551  INFO 82845 --- [main] o.s.b.w.embedded.tomcat.TomcatWebServer  : Tomcat initialized with port(s): 8080 (http)
2022-02-10 16:42:55.562  INFO 82845 --- [main] o.apache.catalina.core.StandardService   : Starting service [Tomcat]
2022-02-10 16:42:55.563  INFO 82845 --- [main] org.apache.catalina.core.StandardEngine  : Starting Servlet engine: [Apache Tomcat/9.0.56]
2022-02-10 16:42:55.699  INFO 82845 --- [main] o.a.c.c.C.[Tomcat].[localhost].[/]       : Initializing Spring embedded WebApplicationContext
2022-02-10 16:42:55.699  INFO 82845 --- [main] w.s.c.ServletWebServerApplicationContext : Root WebApplicationContext: initialization completed in 2527 ms
2022-02-10 16:42:56.220  INFO 82845 --- [main] o.hibernate.jpa.internal.util.LogHelper  : HHH000204: Processing PersistenceUnitInfo [name: default]
2022-02-10 16:42:56.255  INFO 82845 --- [main] org.hibernate.Version                    : HHH000412: Hibernate ORM core version 5.6.3.Final
2022-02-10 16:42:56.377  INFO 82845 --- [main] o.hibernate.annotations.common.Version   : HCANN000001: Hibernate Commons Annotations {5.1.2.Final}
2022-02-10 16:42:56.462  INFO 82845 --- [main] com.zaxxer.hikari.HikariDataSource       : HikariPool-1 - Starting...
2022-02-10 16:42:56.672  INFO 82845 --- [main] com.zaxxer.hikari.HikariDataSource       : HikariPool-1 - Start completed.
2022-02-10 16:42:56.693  INFO 82845 --- [main] org.hibernate.dialect.Dialect            : HHH000400: Using dialect: org.hibernate.dialect.MySQL8Dialect
2022-02-10 16:42:57.414  INFO 82845 --- [main] o.h.e.t.j.p.i.JtaPlatformInitiator       : HHH000490: Using JtaPlatform implementation: [org.hibernate.engine.transaction.jta.platform.internal.NoJtaPlatform]
2022-02-10 16:42:57.420  INFO 82845 --- [main] j.LocalContainerEntityManagerFactoryBean : Initialized JPA EntityManagerFactory for persistence unit 'default'
2022-02-10 16:42:57.944 DEBUG 82845 --- [main] M.W.config.JwtAuthFilter                 : Filter 'jwtAuthFilter' configured for use
2022-02-10 16:42:58.221  WARN 82845 --- [main] JpaBaseConfiguration$JpaWebConfiguration : spring.jpa.open-in-view is enabled by default. Therefore, database queries may be performed during view rendering. Explicitly configure spring.jpa.open-in-view to disable this warning
2022-02-10 16:42:58.635  INFO 82845 --- [main] o.s.s.web.DefaultSecurityFilterChain     : Will secure any request with [org.springframework.security.web.context.request.async.WebAsyncManagerIntegrationFilter@58679ff, org.springframework.security.web.context.SecurityContextPersistenceFilter@5759edff, org.springframework.security.web.header.HeaderWriterFilter@69c0bae6, org.springframework.security.web.authentication.logout.LogoutFilter@20a25f66, Milestone2.Wallet_Management_Project.config.JwtAuthFilter@23dff243, org.springframework.security.web.savedrequest.RequestCacheAwareFilter@7d2be319, org.springframework.security.web.servletapi.SecurityContextHolderAwareRequestFilter@6ad7a305, org.springframework.security.web.authentication.AnonymousAuthenticationFilter@35d2312f, org.springframework.security.web.session.SessionManagementFilter@11577ab8, org.springframework.security.web.access.ExceptionTranslationFilter@6e225c34, org.springframework.security.web.access.intercept.FilterSecurityInterceptor@25ee3caa]
2022-02-10 16:43:00.637  INFO 82845 --- [main] o.s.b.w.embedded.tomcat.TomcatWebServer  : Tomcat started on port(s): 8080 (http) with context path ''
2022-02-10 16:43:00.662  INFO 82845 --- [main] M.W.WalletManagementApplication          : Started WalletManagementApplication in 8.325 seconds (JVM running for 9.048)
2022-02-10 16:43:20.583  INFO 82845 --- [http-nio-8080-exec-1] o.a.c.c.C.[Tomcat].[localhost].[/]       : Initializing Spring DispatcherServlet 'dispatcherServlet'
2022-02-10 16:43:20.586  INFO 82845 --- [http-nio-8080-exec-1] o.s.web.servlet.DispatcherServlet        : Initializing Servlet 'dispatcherServlet'
2022-02-10 16:43:20.594  INFO 82845 --- [http-nio-8080-exec-1] o.s.web.servlet.DispatcherServlet        : Completed initialization in 7 ms
2022-02-10 16:44:09.009  INFO 82845 --- [SpringApplicationShutdownHook] j.LocalContainerEntityManagerFactoryBean : Closing JPA EntityManagerFactory for persistence unit 'default'
2022-02-10 16:44:09.011  INFO 82845 --- [SpringApplicationShutdownHook] com.zaxxer.hikari.HikariDataSource       : HikariPool-1 - Shutdown initiated...
2022-02-10 16:44:09.023  INFO 82845 --- [SpringApplicationShutdownHook] com.zaxxer.hikari.HikariDataSource       : HikariPool-1 - Shutdown completed.
2022-02-10 16:53:42.398  INFO 83167 --- [main] M.W.WalletManagementApplication          : Starting WalletManagementApplication using Java 17.0.2 on PPBNOMBPBT-218.local with PID 83167 (/Users/ambesh.kumar/Documents/project/UserManagement/target/classes started by ambesh.kumar in /Users/ambesh.kumar/Documents/project/UserManagement)
2022-02-10 16:53:42.402 DEBUG 83167 --- [main] M.W.WalletManagementApplication          : Running with Spring Boot v2.6.2, Spring v5.3.14
2022-02-10 16:53:42.403  INFO 83167 --- [main] M.W.WalletManagementApplication          : No active profile set, falling back to default profiles: default
2022-02-10 16:53:43.716  INFO 83167 --- [main] .s.d.r.c.RepositoryConfigurationDelegate : Bootstrapping Spring Data JPA repositories in DEFAULT mode.
2022-02-10 16:53:43.825  INFO 83167 --- [main] .s.d.r.c.RepositoryConfigurationDelegate : Finished Spring Data repository scanning in 97 ms. Found 3 JPA repository interfaces.
2022-02-10 16:53:44.878  INFO 83167 --- [main] o.s.b.w.embedded.tomcat.TomcatWebServer  : Tomcat initialized with port(s): 8080 (http)
2022-02-10 16:53:44.889  INFO 83167 --- [main] o.apache.catalina.core.StandardService   : Starting service [Tomcat]
2022-02-10 16:53:44.889  INFO 83167 --- [main] org.apache.catalina.core.StandardEngine  : Starting Servlet engine: [Apache Tomcat/9.0.56]
2022-02-10 16:53:45.030  INFO 83167 --- [main] o.a.c.c.C.[Tomcat].[localhost].[/]       : Initializing Spring embedded WebApplicationContext
2022-02-10 16:53:45.030  INFO 83167 --- [main] w.s.c.ServletWebServerApplicationContext : Root WebApplicationContext: initialization completed in 2520 ms
2022-02-10 16:53:45.446  INFO 83167 --- [main] o.hibernate.jpa.internal.util.LogHelper  : HHH000204: Processing PersistenceUnitInfo [name: default]
2022-02-10 16:53:45.485  INFO 83167 --- [main] org.hibernate.Version                    : HHH000412: Hibernate ORM core version 5.6.3.Final
2022-02-10 16:53:45.610  INFO 83167 --- [main] o.hibernate.annotations.common.Version   : HCANN000001: Hibernate Commons Annotations {5.1.2.Final}
2022-02-10 16:53:45.696  INFO 83167 --- [main] com.zaxxer.hikari.HikariDataSource       : HikariPool-1 - Starting...
2022-02-10 16:53:45.902  INFO 83167 --- [main] com.zaxxer.hikari.HikariDataSource       : HikariPool-1 - Start completed.
2022-02-10 16:53:45.926  INFO 83167 --- [main] org.hibernate.dialect.Dialect            : HHH000400: Using dialect: org.hibernate.dialect.MySQL8Dialect
2022-02-10 16:53:46.544  INFO 83167 --- [main] o.h.e.t.j.p.i.JtaPlatformInitiator       : HHH000490: Using JtaPlatform implementation: [org.hibernate.engine.transaction.jta.platform.internal.NoJtaPlatform]
2022-02-10 16:53:46.551  INFO 83167 --- [main] j.LocalContainerEntityManagerFactoryBean : Initialized JPA EntityManagerFactory for persistence unit 'default'
2022-02-10 16:53:47.189 DEBUG 83167 --- [main] M.W.config.JwtAuthFilter                 : Filter 'jwtAuthFilter' configured for use
2022-02-10 16:53:47.498  WARN 83167 --- [main] JpaBaseConfiguration$JpaWebConfiguration : spring.jpa.open-in-view is enabled by default. Therefore, database queries may be performed during view rendering. Explicitly configure spring.jpa.open-in-view to disable this warning
2022-02-10 16:53:47.897  INFO 83167 --- [main] o.s.s.web.DefaultSecurityFilterChain     : Will secure any request with [org.springframework.security.web.context.request.async.WebAsyncManagerIntegrationFilter@2ae08750, org.springframework.security.web.context.SecurityContextPersistenceFilter@11577ab8, org.springframework.security.web.header.HeaderWriterFilter@6e225c34, org.springframework.security.web.authentication.logout.LogoutFilter@7872e91f, Milestone2.Wallet_Management_Project.config.JwtAuthFilter@23dff243, org.springframework.security.web.savedrequest.RequestCacheAwareFilter@5759edff, org.springframework.security.web.servletapi.SecurityContextHolderAwareRequestFilter@64381526, org.springframework.security.web.authentication.AnonymousAuthenticationFilter@44117b0d, org.springframework.security.web.session.SessionManagementFilter@29d563bd, org.springframework.security.web.access.ExceptionTranslationFilter@7c39193f, org.springframework.security.web.access.intercept.FilterSecurityInterceptor@6a7ea7c]
2022-02-10 16:53:49.710  INFO 83167 --- [main] o.s.b.w.embedded.tomcat.TomcatWebServer  : Tomcat started on port(s): 8080 (http) with context path ''
2022-02-10 16:53:49.728  INFO 83167 --- [main] M.W.WalletManagementApplication          : Started WalletManagementApplication in 8.15 seconds (JVM running for 8.838)
2022-02-10 16:54:01.656  INFO 83167 --- [http-nio-8080-exec-1] o.a.c.c.C.[Tomcat].[localhost].[/]       : Initializing Spring DispatcherServlet 'dispatcherServlet'
2022-02-10 16:54:01.656  INFO 83167 --- [http-nio-8080-exec-1] o.s.web.servlet.DispatcherServlet        : Initializing Servlet 'dispatcherServlet'
2022-02-10 16:54:01.664  INFO 83167 --- [http-nio-8080-exec-1] o.s.web.servlet.DispatcherServlet        : Completed initialization in 8 ms
2022-02-10 16:57:46.724  INFO 83167 --- [SpringApplicationShutdownHook] j.LocalContainerEntityManagerFactoryBean : Closing JPA EntityManagerFactory for persistence unit 'default'
2022-02-10 16:57:46.730  INFO 83167 --- [SpringApplicationShutdownHook] com.zaxxer.hikari.HikariDataSource       : HikariPool-1 - Shutdown initiated...
2022-02-10 16:57:46.746  INFO 83167 --- [SpringApplicationShutdownHook] com.zaxxer.hikari.HikariDataSource       : HikariPool-1 - Shutdown completed.
2022-02-10 16:57:56.928  INFO 83315 --- [main] M.W.WalletManagementApplication          : Starting WalletManagementApplication using Java 17.0.2 on PPBNOMBPBT-218.local with PID 83315 (/Users/ambesh.kumar/Documents/project/UserManagement/target/classes started by ambesh.kumar in /Users/ambesh.kumar/Documents/project/UserManagement)
2022-02-10 16:57:56.934 DEBUG 83315 --- [main] M.W.WalletManagementApplication          : Running with Spring Boot v2.6.2, Spring v5.3.14
2022-02-10 16:57:56.935  INFO 83315 --- [main] M.W.WalletManagementApplication          : No active profile set, falling back to default profiles: default
2022-02-10 16:57:58.098  INFO 83315 --- [main] .s.d.r.c.RepositoryConfigurationDelegate : Bootstrapping Spring Data JPA repositories in DEFAULT mode.
2022-02-10 16:57:58.213  INFO 83315 --- [main] .s.d.r.c.RepositoryConfigurationDelegate : Finished Spring Data repository scanning in 100 ms. Found 3 JPA repository interfaces.
2022-02-10 16:57:59.323  INFO 83315 --- [main] o.s.b.w.embedded.tomcat.TomcatWebServer  : Tomcat initialized with port(s): 8080 (http)
2022-02-10 16:57:59.331  INFO 83315 --- [main] o.apache.catalina.core.StandardService   : Starting service [Tomcat]
2022-02-10 16:57:59.331  INFO 83315 --- [main] org.apache.catalina.core.StandardEngine  : Starting Servlet engine: [Apache Tomcat/9.0.56]
2022-02-10 16:57:59.454  INFO 83315 --- [main] o.a.c.c.C.[Tomcat].[localhost].[/]       : Initializing Spring embedded WebApplicationContext
2022-02-10 16:57:59.455  INFO 83315 --- [main] w.s.c.ServletWebServerApplicationContext : Root WebApplicationContext: initialization completed in 2413 ms
2022-02-10 16:57:59.777  INFO 83315 --- [main] o.hibernate.jpa.internal.util.LogHelper  : HHH000204: Processing PersistenceUnitInfo [name: default]
2022-02-10 16:57:59.805  INFO 83315 --- [main] org.hibernate.Version                    : HHH000412: Hibernate ORM core version 5.6.3.Final
2022-02-10 16:57:59.897  INFO 83315 --- [main] o.hibernate.annotations.common.Version   : HCANN000001: Hibernate Commons Annotations {5.1.2.Final}
2022-02-10 16:57:59.963  INFO 83315 --- [main] com.zaxxer.hikari.HikariDataSource       : HikariPool-1 - Starting...
2022-02-10 16:58:00.163  INFO 83315 --- [main] com.zaxxer.hikari.HikariDataSource       : HikariPool-1 - Start completed.
2022-02-10 16:58:00.184  INFO 83315 --- [main] org.hibernate.dialect.Dialect            : HHH000400: Using dialect: org.hibernate.dialect.MySQL8Dialect
2022-02-10 16:58:00.779  INFO 83315 --- [main] o.h.e.t.j.p.i.JtaPlatformInitiator       : HHH000490: Using JtaPlatform implementation: [org.hibernate.engine.transaction.jta.platform.internal.NoJtaPlatform]
2022-02-10 16:58:00.786  INFO 83315 --- [main] j.LocalContainerEntityManagerFactoryBean : Initialized JPA EntityManagerFactory for persistence unit 'default'
2022-02-10 16:58:01.263 DEBUG 83315 --- [main] M.W.config.JwtAuthFilter                 : Filter 'jwtAuthFilter' configured for use
2022-02-10 16:58:01.480  WARN 83315 --- [main] JpaBaseConfiguration$JpaWebConfiguration : spring.jpa.open-in-view is enabled by default. Therefore, database queries may be performed during view rendering. Explicitly configure spring.jpa.open-in-view to disable this warning
2022-02-10 16:58:01.827  INFO 83315 --- [main] o.s.s.web.DefaultSecurityFilterChain     : Will secure any request with [org.springframework.security.web.context.request.async.WebAsyncManagerIntegrationFilter@2682cccc, org.springframework.security.web.context.SecurityContextPersistenceFilter@29d563bd, org.springframework.security.web.header.HeaderWriterFilter@7c39193f, org.springframework.security.web.authentication.logout.LogoutFilter@1504b493, Milestone2.Wallet_Management_Project.config.JwtAuthFilter@6f67ece5, org.springframework.security.web.savedrequest.RequestCacheAwareFilter@11577ab8, org.springframework.security.web.servletapi.SecurityContextHolderAwareRequestFilter@35d3202b, org.springframework.security.web.authentication.AnonymousAuthenticationFilter@2ae08750, org.springframework.security.web.session.SessionManagementFilter@7f53a31f, org.springframework.security.web.access.ExceptionTranslationFilter@29fc83c5, org.springframework.security.web.access.intercept.FilterSecurityInterceptor@665f88e1]
2022-02-10 16:58:03.846  INFO 83315 --- [main] o.s.b.w.embedded.tomcat.TomcatWebServer  : Tomcat started on port(s): 8080 (http) with context path ''
2022-02-10 16:58:03.862  INFO 83315 --- [main] M.W.WalletManagementApplication          : Started WalletManagementApplication in 7.801 seconds (JVM running for 8.501)
2022-02-10 16:58:10.087  INFO 83315 --- [http-nio-8080-exec-1] o.a.c.c.C.[Tomcat].[localhost].[/]       : Initializing Spring DispatcherServlet 'dispatcherServlet'
2022-02-10 16:58:10.087  INFO 83315 --- [http-nio-8080-exec-1] o.s.web.servlet.DispatcherServlet        : Initializing Servlet 'dispatcherServlet'
2022-02-10 16:58:10.097  INFO 83315 --- [http-nio-8080-exec-1] o.s.web.servlet.DispatcherServlet        : Completed initialization in 10 ms
2022-02-10 16:59:44.792  INFO 83315 --- [SpringApplicationShutdownHook] j.LocalContainerEntityManagerFactoryBean : Closing JPA EntityManagerFactory for persistence unit 'default'
2022-02-10 16:59:44.795  INFO 83315 --- [SpringApplicationShutdownHook] com.zaxxer.hikari.HikariDataSource       : HikariPool-1 - Shutdown initiated...
2022-02-10 16:59:44.810  INFO 83315 --- [SpringApplicationShutdownHook] com.zaxxer.hikari.HikariDataSource       : HikariPool-1 - Shutdown completed.
2022-02-10 17:06:43.373  INFO 83588 --- [main] M.W.WalletManagementApplication          : Starting WalletManagementApplication using Java 17.0.2 on PPBNOMBPBT-218.local with PID 83588 (/Users/ambesh.kumar/Documents/project/UserManagement/target/classes started by ambesh.kumar in /Users/ambesh.kumar/Documents/project/UserManagement)
2022-02-10 17:06:43.380 DEBUG 83588 --- [main] M.W.WalletManagementApplication          : Running with Spring Boot v2.6.2, Spring v5.3.14
2022-02-10 17:06:43.381  INFO 83588 --- [main] M.W.WalletManagementApplication          : No active profile set, falling back to default profiles: default
2022-02-10 17:06:44.820  INFO 83588 --- [main] .s.d.r.c.RepositoryConfigurationDelegate : Bootstrapping Spring Data JPA repositories in DEFAULT mode.
2022-02-10 17:06:44.965  INFO 83588 --- [main] .s.d.r.c.RepositoryConfigurationDelegate : Finished Spring Data repository scanning in 134 ms. Found 3 JPA repository interfaces.
2022-02-10 17:06:46.191  INFO 83588 --- [main] o.s.b.w.embedded.tomcat.TomcatWebServer  : Tomcat initialized with port(s): 8080 (http)
2022-02-10 17:06:46.204  INFO 83588 --- [main] o.apache.catalina.core.StandardService   : Starting service [Tomcat]
2022-02-10 17:06:46.205  INFO 83588 --- [main] org.apache.catalina.core.StandardEngine  : Starting Servlet engine: [Apache Tomcat/9.0.56]
2022-02-10 17:06:46.331  INFO 83588 --- [main] o.a.c.c.C.[Tomcat].[localhost].[/]       : Initializing Spring embedded WebApplicationContext
2022-02-10 17:06:46.332  INFO 83588 --- [main] w.s.c.ServletWebServerApplicationContext : Root WebApplicationContext: initialization completed in 2814 ms
2022-02-10 17:06:46.707  INFO 83588 --- [main] o.hibernate.jpa.internal.util.LogHelper  : HHH000204: Processing PersistenceUnitInfo [name: default]
2022-02-10 17:06:46.747  INFO 83588 --- [main] org.hibernate.Version                    : HHH000412: Hibernate ORM core version 5.6.3.Final
2022-02-10 17:06:46.862  INFO 83588 --- [main] o.hibernate.annotations.common.Version   : HCANN000001: Hibernate Commons Annotations {5.1.2.Final}
2022-02-10 17:06:46.924  INFO 83588 --- [main] com.zaxxer.hikari.HikariDataSource       : HikariPool-1 - Starting...
2022-02-10 17:06:47.141  INFO 83588 --- [main] com.zaxxer.hikari.HikariDataSource       : HikariPool-1 - Start completed.
2022-02-10 17:06:47.166  INFO 83588 --- [main] org.hibernate.dialect.Dialect            : HHH000400: Using dialect: org.hibernate.dialect.MySQL8Dialect
2022-02-10 17:06:48.038  INFO 83588 --- [main] o.h.e.t.j.p.i.JtaPlatformInitiator       : HHH000490: Using JtaPlatform implementation: [org.hibernate.engine.transaction.jta.platform.internal.NoJtaPlatform]
2022-02-10 17:06:48.046  INFO 83588 --- [main] j.LocalContainerEntityManagerFactoryBean : Initialized JPA EntityManagerFactory for persistence unit 'default'
2022-02-10 17:06:48.614 DEBUG 83588 --- [main] M.W.config.JwtAuthFilter                 : Filter 'jwtAuthFilter' configured for use
2022-02-10 17:06:48.882  WARN 83588 --- [main] JpaBaseConfiguration$JpaWebConfiguration : spring.jpa.open-in-view is enabled by default. Therefore, database queries may be performed during view rendering. Explicitly configure spring.jpa.open-in-view to disable this warning
2022-02-10 17:06:49.577  INFO 83588 --- [main] o.s.s.web.DefaultSecurityFilterChain     : Will secure any request with [org.springframework.security.web.context.request.async.WebAsyncManagerIntegrationFilter@1b26fac2, org.springframework.security.web.context.SecurityContextPersistenceFilter@5703c1fb, org.springframework.security.web.header.HeaderWriterFilter@220f6a3c, org.springframework.security.web.authentication.logout.LogoutFilter@488279d3, Milestone2.Wallet_Management_Project.config.JwtAuthFilter@17dbca0a, org.springframework.security.web.savedrequest.RequestCacheAwareFilter@35d3202b, org.springframework.security.web.servletapi.SecurityContextHolderAwareRequestFilter@2fc435e9, org.springframework.security.web.authentication.AnonymousAuthenticationFilter@54a033b8, org.springframework.security.web.session.SessionManagementFilter@5513a46b, org.springframework.security.web.access.ExceptionTranslationFilter@5d84b088, org.springframework.security.web.access.intercept.FilterSecurityInterceptor@62159fd]
2022-02-10 17:06:51.755  INFO 83588 --- [main] o.s.b.w.embedded.tomcat.TomcatWebServer  : Tomcat started on port(s): 8080 (http) with context path ''
2022-02-10 17:06:51.776  INFO 83588 --- [main] M.W.WalletManagementApplication          : Started WalletManagementApplication in 9.468 seconds (JVM running for 10.383)
2022-02-10 17:06:52.819  INFO 83588 --- [SpringApplicationShutdownHook] j.LocalContainerEntityManagerFactoryBean : Closing JPA EntityManagerFactory for persistence unit 'default'
2022-02-10 17:06:52.825  INFO 83588 --- [SpringApplicationShutdownHook] com.zaxxer.hikari.HikariDataSource       : HikariPool-1 - Shutdown initiated...
2022-02-10 17:06:52.837  INFO 83588 --- [SpringApplicationShutdownHook] com.zaxxer.hikari.HikariDataSource       : HikariPool-1 - Shutdown completed.
2022-02-10 17:06:58.683  INFO 83598 --- [main] M.W.WalletManagementApplication          : Starting WalletManagementApplication using Java 17.0.2 on PPBNOMBPBT-218.local with PID 83598 (/Users/ambesh.kumar/Documents/project/UserManagement/target/classes started by ambesh.kumar in /Users/ambesh.kumar/Documents/project/UserManagement)
2022-02-10 17:06:58.686 DEBUG 83598 --- [main] M.W.WalletManagementApplication          : Running with Spring Boot v2.6.2, Spring v5.3.14
2022-02-10 17:06:58.687  INFO 83598 --- [main] M.W.WalletManagementApplication          : No active profile set, falling back to default profiles: default
2022-02-10 17:06:59.900  INFO 83598 --- [main] .s.d.r.c.RepositoryConfigurationDelegate : Bootstrapping Spring Data JPA repositories in DEFAULT mode.
2022-02-10 17:07:00.004  INFO 83598 --- [main] .s.d.r.c.RepositoryConfigurationDelegate : Finished Spring Data repository scanning in 90 ms. Found 3 JPA repository interfaces.
2022-02-10 17:07:01.150  INFO 83598 --- [main] o.s.b.w.embedded.tomcat.TomcatWebServer  : Tomcat initialized with port(s): 8080 (http)
2022-02-10 17:07:01.158  INFO 83598 --- [main] o.apache.catalina.core.StandardService   : Starting service [Tomcat]
2022-02-10 17:07:01.158  INFO 83598 --- [main] org.apache.catalina.core.StandardEngine  : Starting Servlet engine: [Apache Tomcat/9.0.56]
2022-02-10 17:07:01.272  INFO 83598 --- [main] o.a.c.c.C.[Tomcat].[localhost].[/]       : Initializing Spring embedded WebApplicationContext
2022-02-10 17:07:01.273  INFO 83598 --- [main] w.s.c.ServletWebServerApplicationContext : Root WebApplicationContext: initialization completed in 2480 ms
2022-02-10 17:07:01.610  INFO 83598 --- [main] o.hibernate.jpa.internal.util.LogHelper  : HHH000204: Processing PersistenceUnitInfo [name: default]
2022-02-10 17:07:01.638  INFO 83598 --- [main] org.hibernate.Version                    : HHH000412: Hibernate ORM core version 5.6.3.Final
2022-02-10 17:07:01.733  INFO 83598 --- [main] o.hibernate.annotations.common.Version   : HCANN000001: Hibernate Commons Annotations {5.1.2.Final}
2022-02-10 17:07:01.796  INFO 83598 --- [main] com.zaxxer.hikari.HikariDataSource       : HikariPool-1 - Starting...
2022-02-10 17:07:01.983  INFO 83598 --- [main] com.zaxxer.hikari.HikariDataSource       : HikariPool-1 - Start completed.
2022-02-10 17:07:02.003  INFO 83598 --- [main] org.hibernate.dialect.Dialect            : HHH000400: Using dialect: org.hibernate.dialect.MySQL8Dialect
2022-02-10 17:07:02.646  INFO 83598 --- [main] o.h.e.t.j.p.i.JtaPlatformInitiator       : HHH000490: Using JtaPlatform implementation: [org.hibernate.engine.transaction.jta.platform.internal.NoJtaPlatform]
2022-02-10 17:07:02.655  INFO 83598 --- [main] j.LocalContainerEntityManagerFactoryBean : Initialized JPA EntityManagerFactory for persistence unit 'default'
2022-02-10 17:07:03.150 DEBUG 83598 --- [main] M.W.config.JwtAuthFilter                 : Filter 'jwtAuthFilter' configured for use
2022-02-10 17:07:03.405  WARN 83598 --- [main] JpaBaseConfiguration$JpaWebConfiguration : spring.jpa.open-in-view is enabled by default. Therefore, database queries may be performed during view rendering. Explicitly configure spring.jpa.open-in-view to disable this warning
2022-02-10 17:07:03.989  INFO 83598 --- [main] o.s.s.web.DefaultSecurityFilterChain     : Will secure any request with [org.springframework.security.web.context.request.async.WebAsyncManagerIntegrationFilter@58ca6ba3, org.springframework.security.web.context.SecurityContextPersistenceFilter@57a0c261, org.springframework.security.web.header.HeaderWriterFilter@46290193, org.springframework.security.web.authentication.logout.LogoutFilter@4468c0ea, Milestone2.Wallet_Management_Project.config.JwtAuthFilter@87fc0fc, org.springframework.security.web.savedrequest.RequestCacheAwareFilter@299ddfff, org.springframework.security.web.servletapi.SecurityContextHolderAwareRequestFilter@5c1687d1, org.springframework.security.web.authentication.AnonymousAuthenticationFilter@74797b90, org.springframework.security.web.session.SessionManagementFilter@51b41740, org.springframework.security.web.access.ExceptionTranslationFilter@2dfd157b, org.springframework.security.web.access.intercept.FilterSecurityInterceptor@6369d01c]
2022-02-10 17:07:05.596  INFO 83598 --- [main] o.s.b.w.embedded.tomcat.TomcatWebServer  : Tomcat started on port(s): 8080 (http) with context path ''
2022-02-10 17:07:05.610  INFO 83598 --- [main] M.W.WalletManagementApplication          : Started WalletManagementApplication in 7.615 seconds (JVM running for 8.3)
2022-02-10 17:07:10.067  INFO 83598 --- [http-nio-8080-exec-1] o.a.c.c.C.[Tomcat].[localhost].[/]       : Initializing Spring DispatcherServlet 'dispatcherServlet'
2022-02-10 17:07:10.067  INFO 83598 --- [http-nio-8080-exec-1] o.s.web.servlet.DispatcherServlet        : Initializing Servlet 'dispatcherServlet'
2022-02-10 17:07:10.071  INFO 83598 --- [http-nio-8080-exec-1] o.s.web.servlet.DispatcherServlet        : Completed initialization in 4 ms
2022-02-10 17:07:25.411  INFO 83598 --- [http-nio-8080-exec-9] o.springdoc.api.AbstractOpenApiResource  : Init duration for springdoc-openapi is: 687 ms
2022-02-10 17:08:08.630  INFO 83598 --- [SpringApplicationShutdownHook] j.LocalContainerEntityManagerFactoryBean : Closing JPA EntityManagerFactory for persistence unit 'default'
2022-02-10 17:08:08.632  INFO 83598 --- [SpringApplicationShutdownHook] com.zaxxer.hikari.HikariDataSource       : HikariPool-1 - Shutdown initiated...
2022-02-10 17:08:08.644  INFO 83598 --- [SpringApplicationShutdownHook] com.zaxxer.hikari.HikariDataSource       : HikariPool-1 - Shutdown completed.
2022-02-10 17:09:18.467  INFO 83693 --- [main] M.W.WalletManagementApplication          : Starting WalletManagementApplication using Java 17.0.2 on PPBNOMBPBT-218.local with PID 83693 (/Users/ambesh.kumar/Documents/project/UserManagement/target/classes started by ambesh.kumar in /Users/ambesh.kumar/Documents/project/UserManagement)
2022-02-10 17:09:18.472 DEBUG 83693 --- [main] M.W.WalletManagementApplication          : Running with Spring Boot v2.6.2, Spring v5.3.14
2022-02-10 17:09:18.473  INFO 83693 --- [main] M.W.WalletManagementApplication          : No active profile set, falling back to default profiles: default
2022-02-10 17:09:19.764  INFO 83693 --- [main] .s.d.r.c.RepositoryConfigurationDelegate : Bootstrapping Spring Data JPA repositories in DEFAULT mode.
2022-02-10 17:09:19.873  INFO 83693 --- [main] .s.d.r.c.RepositoryConfigurationDelegate : Finished Spring Data repository scanning in 94 ms. Found 3 JPA repository interfaces.
2022-02-10 17:09:20.928  INFO 83693 --- [main] o.s.b.w.embedded.tomcat.TomcatWebServer  : Tomcat initialized with port(s): 8080 (http)
2022-02-10 17:09:20.937  INFO 83693 --- [main] o.apache.catalina.core.StandardService   : Starting service [Tomcat]
2022-02-10 17:09:20.938  INFO 83693 --- [main] org.apache.catalina.core.StandardEngine  : Starting Servlet engine: [Apache Tomcat/9.0.56]
2022-02-10 17:09:21.055  INFO 83693 --- [main] o.a.c.c.C.[Tomcat].[localhost].[/]       : Initializing Spring embedded WebApplicationContext
2022-02-10 17:09:21.055  INFO 83693 --- [main] w.s.c.ServletWebServerApplicationContext : Root WebApplicationContext: initialization completed in 2445 ms
2022-02-10 17:09:21.387  INFO 83693 --- [main] o.hibernate.jpa.internal.util.LogHelper  : HHH000204: Processing PersistenceUnitInfo [name: default]
2022-02-10 17:09:21.419  INFO 83693 --- [main] org.hibernate.Version                    : HHH000412: Hibernate ORM core version 5.6.3.Final
2022-02-10 17:09:21.545  INFO 83693 --- [main] o.hibernate.annotations.common.Version   : HCANN000001: Hibernate Commons Annotations {5.1.2.Final}
2022-02-10 17:09:21.618  INFO 83693 --- [main] com.zaxxer.hikari.HikariDataSource       : HikariPool-1 - Starting...
2022-02-10 17:09:21.811  INFO 83693 --- [main] com.zaxxer.hikari.HikariDataSource       : HikariPool-1 - Start completed.
2022-02-10 17:09:21.833  INFO 83693 --- [main] org.hibernate.dialect.Dialect            : HHH000400: Using dialect: org.hibernate.dialect.MySQL8Dialect
2022-02-10 17:09:22.466  INFO 83693 --- [main] o.h.e.t.j.p.i.JtaPlatformInitiator       : HHH000490: Using JtaPlatform implementation: [org.hibernate.engine.transaction.jta.platform.internal.NoJtaPlatform]
2022-02-10 17:09:22.473  INFO 83693 --- [main] j.LocalContainerEntityManagerFactoryBean : Initialized JPA EntityManagerFactory for persistence unit 'default'
2022-02-10 17:09:22.947 DEBUG 83693 --- [main] M.W.config.JwtAuthFilter                 : Filter 'jwtAuthFilter' configured for use
2022-02-10 17:09:23.176  WARN 83693 --- [main] JpaBaseConfiguration$JpaWebConfiguration : spring.jpa.open-in-view is enabled by default. Therefore, database queries may be performed during view rendering. Explicitly configure spring.jpa.open-in-view to disable this warning
2022-02-10 17:09:23.583  INFO 83693 --- [main] o.s.s.web.DefaultSecurityFilterChain     : Will secure any request with [org.springframework.security.web.context.request.async.WebAsyncManagerIntegrationFilter@2570851e, org.springframework.security.web.context.SecurityContextPersistenceFilter@4d84688f, org.springframework.security.web.header.HeaderWriterFilter@41cf4272, org.springframework.security.web.authentication.logout.LogoutFilter@59b3f162, Milestone2.Wallet_Management_Project.config.JwtAuthFilter@446a5aa5, org.springframework.security.web.savedrequest.RequestCacheAwareFilter@7348e75e, org.springframework.security.web.servletapi.SecurityContextHolderAwareRequestFilter@4eace42b, org.springframework.security.web.authentication.AnonymousAuthenticationFilter@67d8613, org.springframework.security.web.session.SessionManagementFilter@1a4ae53d, org.springframework.security.web.access.ExceptionTranslationFilter@749c0669, org.springframework.security.web.access.intercept.FilterSecurityInterceptor@5b028f58]
2022-02-10 17:09:25.694  INFO 83693 --- [main] o.s.b.w.embedded.tomcat.TomcatWebServer  : Tomcat started on port(s): 8080 (http) with context path ''
2022-02-10 17:09:25.721  INFO 83693 --- [main] M.W.WalletManagementApplication          : Started WalletManagementApplication in 8.074 seconds (JVM running for 8.772)
2022-02-10 17:09:29.652  INFO 83693 --- [SpringApplicationShutdownHook] j.LocalContainerEntityManagerFactoryBean : Closing JPA EntityManagerFactory for persistence unit 'default'
2022-02-10 17:09:29.653  INFO 83693 --- [SpringApplicationShutdownHook] com.zaxxer.hikari.HikariDataSource       : HikariPool-1 - Shutdown initiated...
2022-02-10 17:09:29.667  INFO 83693 --- [SpringApplicationShutdownHook] com.zaxxer.hikari.HikariDataSource       : HikariPool-1 - Shutdown completed.
2022-02-10 17:09:49.272  INFO 83733 --- [main] M.W.WalletManagementApplication          : Starting WalletManagementApplication using Java 17.0.2 on PPBNOMBPBT-218.local with PID 83733 (/Users/ambesh.kumar/Documents/project/UserManagement/target/classes started by ambesh.kumar in /Users/ambesh.kumar/Documents/project/UserManagement)
2022-02-10 17:09:49.276 DEBUG 83733 --- [main] M.W.WalletManagementApplication          : Running with Spring Boot v2.6.2, Spring v5.3.14
2022-02-10 17:09:49.277  INFO 83733 --- [main] M.W.WalletManagementApplication          : No active profile set, falling back to default profiles: default
2022-02-10 17:09:50.551  INFO 83733 --- [main] .s.d.r.c.RepositoryConfigurationDelegate : Bootstrapping Spring Data JPA repositories in DEFAULT mode.
2022-02-10 17:09:50.660  INFO 83733 --- [main] .s.d.r.c.RepositoryConfigurationDelegate : Finished Spring Data repository scanning in 94 ms. Found 3 JPA repository interfaces.
2022-02-10 17:09:51.711  INFO 83733 --- [main] o.s.b.w.embedded.tomcat.TomcatWebServer  : Tomcat initialized with port(s): 8080 (http)
2022-02-10 17:09:51.722  INFO 83733 --- [main] o.apache.catalina.core.StandardService   : Starting service [Tomcat]
2022-02-10 17:09:51.722  INFO 83733 --- [main] org.apache.catalina.core.StandardEngine  : Starting Servlet engine: [Apache Tomcat/9.0.56]
2022-02-10 17:09:51.844  INFO 83733 --- [main] o.a.c.c.C.[Tomcat].[localhost].[/]       : Initializing Spring embedded WebApplicationContext
2022-02-10 17:09:51.844  INFO 83733 --- [main] w.s.c.ServletWebServerApplicationContext : Root WebApplicationContext: initialization completed in 2424 ms
2022-02-10 17:09:52.220  INFO 83733 --- [main] o.hibernate.jpa.internal.util.LogHelper  : HHH000204: Processing PersistenceUnitInfo [name: default]
2022-02-10 17:09:52.250  INFO 83733 --- [main] org.hibernate.Version                    : HHH000412: Hibernate ORM core version 5.6.3.Final
2022-02-10 17:09:52.385  INFO 83733 --- [main] o.hibernate.annotations.common.Version   : HCANN000001: Hibernate Commons Annotations {5.1.2.Final}
2022-02-10 17:09:52.473  INFO 83733 --- [main] com.zaxxer.hikari.HikariDataSource       : HikariPool-1 - Starting...
2022-02-10 17:09:52.673  INFO 83733 --- [main] com.zaxxer.hikari.HikariDataSource       : HikariPool-1 - Start completed.
2022-02-10 17:09:52.693  INFO 83733 --- [main] org.hibernate.dialect.Dialect            : HHH000400: Using dialect: org.hibernate.dialect.MySQL8Dialect
2022-02-10 17:09:53.287  INFO 83733 --- [main] o.h.e.t.j.p.i.JtaPlatformInitiator       : HHH000490: Using JtaPlatform implementation: [org.hibernate.engine.transaction.jta.platform.internal.NoJtaPlatform]
2022-02-10 17:09:53.293  INFO 83733 --- [main] j.LocalContainerEntityManagerFactoryBean : Initialized JPA EntityManagerFactory for persistence unit 'default'
2022-02-10 17:09:53.776 DEBUG 83733 --- [main] M.W.config.JwtAuthFilter                 : Filter 'jwtAuthFilter' configured for use
2022-02-10 17:09:53.989  WARN 83733 --- [main] JpaBaseConfiguration$JpaWebConfiguration : spring.jpa.open-in-view is enabled by default. Therefore, database queries may be performed during view rendering. Explicitly configure spring.jpa.open-in-view to disable this warning
2022-02-10 17:09:54.322  INFO 83733 --- [main] o.s.s.web.DefaultSecurityFilterChain     : Will secure any request with [org.springframework.security.web.context.request.async.WebAsyncManagerIntegrationFilter@3462e99a, org.springframework.security.web.context.SecurityContextPersistenceFilter@402676e3, org.springframework.security.web.header.HeaderWriterFilter@9a37591, org.springframework.security.web.authentication.logout.LogoutFilter@587f6634, Milestone2.Wallet_Management_Project.config.JwtAuthFilter@2f112ade, org.springframework.security.web.savedrequest.RequestCacheAwareFilter@1368e2f7, org.springframework.security.web.servletapi.SecurityContextHolderAwareRequestFilter@49cd08f9, org.springframework.security.web.authentication.AnonymousAuthenticationFilter@5300694d, org.springframework.security.web.session.SessionManagementFilter@3fd6dfbc, org.springframework.security.web.access.ExceptionTranslationFilter@37a0fc8c, org.springframework.security.web.access.intercept.FilterSecurityInterceptor@61648dd2]
2022-02-10 17:09:56.425  INFO 83733 --- [main] o.s.b.w.embedded.tomcat.TomcatWebServer  : Tomcat started on port(s): 8080 (http) with context path ''
2022-02-10 17:09:56.442  INFO 83733 --- [main] M.W.WalletManagementApplication          : Started WalletManagementApplication in 7.941 seconds (JVM running for 8.675)
2022-02-10 17:10:06.305  INFO 83733 --- [http-nio-8080-exec-1] o.a.c.c.C.[Tomcat].[localhost].[/]       : Initializing Spring DispatcherServlet 'dispatcherServlet'
2022-02-10 17:10:06.306  INFO 83733 --- [http-nio-8080-exec-1] o.s.web.servlet.DispatcherServlet        : Initializing Servlet 'dispatcherServlet'
2022-02-10 17:10:06.315  INFO 83733 --- [http-nio-8080-exec-1] o.s.web.servlet.DispatcherServlet        : Completed initialization in 9 ms
2022-02-10 17:10:07.446  INFO 83733 --- [http-nio-8080-exec-8] o.springdoc.api.AbstractOpenApiResource  : Init duration for springdoc-openapi is: 681 ms
2022-02-10 17:10:55.191  INFO 83733 --- [SpringApplicationShutdownHook] j.LocalContainerEntityManagerFactoryBean : Closing JPA EntityManagerFactory for persistence unit 'default'
2022-02-10 17:10:55.195  INFO 83733 --- [SpringApplicationShutdownHook] com.zaxxer.hikari.HikariDataSource       : HikariPool-1 - Shutdown initiated...
2022-02-10 17:10:55.210  INFO 83733 --- [SpringApplicationShutdownHook] com.zaxxer.hikari.HikariDataSource       : HikariPool-1 - Shutdown completed.
2022-02-10 17:13:15.648  INFO 83847 --- [main] M.W.WalletManagementApplication          : Starting WalletManagementApplication using Java 17.0.2 on PPBNOMBPBT-218.local with PID 83847 (/Users/ambesh.kumar/Documents/project/UserManagement/target/classes started by ambesh.kumar in /Users/ambesh.kumar/Documents/project/UserManagement)
2022-02-10 17:13:15.652 DEBUG 83847 --- [main] M.W.WalletManagementApplication          : Running with Spring Boot v2.6.2, Spring v5.3.14
2022-02-10 17:13:15.652  INFO 83847 --- [main] M.W.WalletManagementApplication          : No active profile set, falling back to default profiles: default
2022-02-10 17:13:16.933  INFO 83847 --- [main] .s.d.r.c.RepositoryConfigurationDelegate : Bootstrapping Spring Data JPA repositories in DEFAULT mode.
2022-02-10 17:13:17.039  INFO 83847 --- [main] .s.d.r.c.RepositoryConfigurationDelegate : Finished Spring Data repository scanning in 96 ms. Found 3 JPA repository interfaces.
2022-02-10 17:13:18.046  INFO 83847 --- [main] o.s.b.w.embedded.tomcat.TomcatWebServer  : Tomcat initialized with port(s): 8080 (http)
2022-02-10 17:13:18.056  INFO 83847 --- [main] o.apache.catalina.core.StandardService   : Starting service [Tomcat]
2022-02-10 17:13:18.056  INFO 83847 --- [main] org.apache.catalina.core.StandardEngine  : Starting Servlet engine: [Apache Tomcat/9.0.56]
2022-02-10 17:13:18.195  INFO 83847 --- [main] o.a.c.c.C.[Tomcat].[localhost].[/]       : Initializing Spring embedded WebApplicationContext
2022-02-10 17:13:18.196  INFO 83847 --- [main] w.s.c.ServletWebServerApplicationContext : Root WebApplicationContext: initialization completed in 2387 ms
2022-02-10 17:13:18.522  INFO 83847 --- [main] o.hibernate.jpa.internal.util.LogHelper  : HHH000204: Processing PersistenceUnitInfo [name: default]
2022-02-10 17:13:18.554  INFO 83847 --- [main] org.hibernate.Version                    : HHH000412: Hibernate ORM core version 5.6.3.Final
2022-02-10 17:13:18.697  INFO 83847 --- [main] o.hibernate.annotations.common.Version   : HCANN000001: Hibernate Commons Annotations {5.1.2.Final}
2022-02-10 17:13:18.774  INFO 83847 --- [main] com.zaxxer.hikari.HikariDataSource       : HikariPool-1 - Starting...
2022-02-10 17:13:18.962  INFO 83847 --- [main] com.zaxxer.hikari.HikariDataSource       : HikariPool-1 - Start completed.
2022-02-10 17:13:18.981  INFO 83847 --- [main] org.hibernate.dialect.Dialect            : HHH000400: Using dialect: org.hibernate.dialect.MySQL8Dialect
2022-02-10 17:13:19.580  INFO 83847 --- [main] o.h.e.t.j.p.i.JtaPlatformInitiator       : HHH000490: Using JtaPlatform implementation: [org.hibernate.engine.transaction.jta.platform.internal.NoJtaPlatform]
2022-02-10 17:13:19.588  INFO 83847 --- [main] j.LocalContainerEntityManagerFactoryBean : Initialized JPA EntityManagerFactory for persistence unit 'default'
2022-02-10 17:13:20.110 DEBUG 83847 --- [main] M.W.config.JwtAuthFilter                 : Filter 'jwtAuthFilter' configured for use
2022-02-10 17:13:20.389  WARN 83847 --- [main] JpaBaseConfiguration$JpaWebConfiguration : spring.jpa.open-in-view is enabled by default. Therefore, database queries may be performed during view rendering. Explicitly configure spring.jpa.open-in-view to disable this warning
2022-02-10 17:13:20.745  INFO 83847 --- [main] o.s.s.web.DefaultSecurityFilterChain     : Will secure any request with [org.springframework.security.web.context.request.async.WebAsyncManagerIntegrationFilter@67d8613, org.springframework.security.web.context.SecurityContextPersistenceFilter@3ee68eb2, org.springframework.security.web.header.HeaderWriterFilter@53d2b827, org.springframework.security.web.authentication.logout.LogoutFilter@7ade62a6, Milestone2.Wallet_Management_Project.config.JwtAuthFilter@628bcf2c, org.springframework.security.web.savedrequest.RequestCacheAwareFilter@27e3dc9a, org.springframework.security.web.servletapi.SecurityContextHolderAwareRequestFilter@6f87a7c7, org.springframework.security.web.authentication.AnonymousAuthenticationFilter@5667dd90, org.springframework.security.web.session.SessionManagementFilter@1368e2f7, org.springframework.security.web.access.ExceptionTranslationFilter@4468c0ea, org.springframework.security.web.access.intercept.FilterSecurityInterceptor@1e4d93f7]
2022-02-10 17:13:22.613  INFO 83847 --- [main] o.s.b.w.embedded.tomcat.TomcatWebServer  : Tomcat started on port(s): 8080 (http) with context path ''
2022-02-10 17:13:22.629  INFO 83847 --- [main] M.W.WalletManagementApplication          : Started WalletManagementApplication in 7.812 seconds (JVM running for 8.502)
2022-02-10 17:13:28.450  INFO 83847 --- [http-nio-8080-exec-1] o.a.c.c.C.[Tomcat].[localhost].[/]       : Initializing Spring DispatcherServlet 'dispatcherServlet'
2022-02-10 17:13:28.450  INFO 83847 --- [http-nio-8080-exec-1] o.s.web.servlet.DispatcherServlet        : Initializing Servlet 'dispatcherServlet'
2022-02-10 17:13:28.453  INFO 83847 --- [http-nio-8080-exec-1] o.s.web.servlet.DispatcherServlet        : Completed initialization in 3 ms
2022-02-10 17:13:51.751  INFO 83847 --- [http-nio-8080-exec-9] o.springdoc.api.AbstractOpenApiResource  : Init duration for springdoc-openapi is: 661 ms
2022-02-10 17:14:42.660  INFO 83847 --- [SpringApplicationShutdownHook] j.LocalContainerEntityManagerFactoryBean : Closing JPA EntityManagerFactory for persistence unit 'default'
2022-02-10 17:14:42.662  INFO 83847 --- [SpringApplicationShutdownHook] com.zaxxer.hikari.HikariDataSource       : HikariPool-1 - Shutdown initiated...
2022-02-10 17:14:42.675  INFO 83847 --- [SpringApplicationShutdownHook] com.zaxxer.hikari.HikariDataSource       : HikariPool-1 - Shutdown completed.
2022-02-10 17:16:49.808  INFO 83978 --- [main] M.W.WalletManagementApplication          : Starting WalletManagementApplication using Java 17.0.2 on PPBNOMBPBT-218.local with PID 83978 (/Users/ambesh.kumar/Documents/project/UserManagement/target/classes started by ambesh.kumar in /Users/ambesh.kumar/Documents/project/UserManagement)
2022-02-10 17:16:49.811 DEBUG 83978 --- [main] M.W.WalletManagementApplication          : Running with Spring Boot v2.6.2, Spring v5.3.14
2022-02-10 17:16:49.812  INFO 83978 --- [main] M.W.WalletManagementApplication          : No active profile set, falling back to default profiles: default
2022-02-10 17:16:51.143  INFO 83978 --- [main] .s.d.r.c.RepositoryConfigurationDelegate : Bootstrapping Spring Data JPA repositories in DEFAULT mode.
2022-02-10 17:16:51.251  INFO 83978 --- [main] .s.d.r.c.RepositoryConfigurationDelegate : Finished Spring Data repository scanning in 97 ms. Found 3 JPA repository interfaces.
2022-02-10 17:16:52.314  INFO 83978 --- [main] o.s.b.w.embedded.tomcat.TomcatWebServer  : Tomcat initialized with port(s): 8080 (http)
2022-02-10 17:16:52.322  INFO 83978 --- [main] o.apache.catalina.core.StandardService   : Starting service [Tomcat]
2022-02-10 17:16:52.322  INFO 83978 --- [main] org.apache.catalina.core.StandardEngine  : Starting Servlet engine: [Apache Tomcat/9.0.56]
2022-02-10 17:16:52.439  INFO 83978 --- [main] o.a.c.c.C.[Tomcat].[localhost].[/]       : Initializing Spring embedded WebApplicationContext
2022-02-10 17:16:52.439  INFO 83978 --- [main] w.s.c.ServletWebServerApplicationContext : Root WebApplicationContext: initialization completed in 2475 ms
2022-02-10 17:16:52.789  INFO 83978 --- [main] o.hibernate.jpa.internal.util.LogHelper  : HHH000204: Processing PersistenceUnitInfo [name: default]
2022-02-10 17:16:52.822  INFO 83978 --- [main] org.hibernate.Version                    : HHH000412: Hibernate ORM core version 5.6.3.Final
2022-02-10 17:16:52.954  INFO 83978 --- [main] o.hibernate.annotations.common.Version   : HCANN000001: Hibernate Commons Annotations {5.1.2.Final}
2022-02-10 17:16:53.029  INFO 83978 --- [main] com.zaxxer.hikari.HikariDataSource       : HikariPool-1 - Starting...
2022-02-10 17:16:53.229  INFO 83978 --- [main] com.zaxxer.hikari.HikariDataSource       : HikariPool-1 - Start completed.
2022-02-10 17:16:53.251  INFO 83978 --- [main] org.hibernate.dialect.Dialect            : HHH000400: Using dialect: org.hibernate.dialect.MySQL8Dialect
2022-02-10 17:16:53.873  INFO 83978 --- [main] o.h.e.t.j.p.i.JtaPlatformInitiator       : HHH000490: Using JtaPlatform implementation: [org.hibernate.engine.transaction.jta.platform.internal.NoJtaPlatform]
2022-02-10 17:16:53.882  INFO 83978 --- [main] j.LocalContainerEntityManagerFactoryBean : Initialized JPA EntityManagerFactory for persistence unit 'default'
2022-02-10 17:16:54.391 DEBUG 83978 --- [main] M.W.config.JwtAuthFilter                 : Filter 'jwtAuthFilter' configured for use
2022-02-10 17:16:54.630  WARN 83978 --- [main] JpaBaseConfiguration$JpaWebConfiguration : spring.jpa.open-in-view is enabled by default. Therefore, database queries may be performed during view rendering. Explicitly configure spring.jpa.open-in-view to disable this warning
2022-02-10 17:16:55.003  INFO 83978 --- [main] o.s.s.web.DefaultSecurityFilterChain     : Will secure any request with [org.springframework.security.web.context.request.async.WebAsyncManagerIntegrationFilter@1e4d93f7, org.springframework.security.web.context.SecurityContextPersistenceFilter@558aa1f1, org.springframework.security.web.header.HeaderWriterFilter@1831447c, org.springframework.security.web.authentication.logout.LogoutFilter@531bec12, Milestone2.Wallet_Management_Project.config.JwtAuthFilter@17e2835c, org.springframework.security.web.savedrequest.RequestCacheAwareFilter@3fd6dfbc, org.springframework.security.web.servletapi.SecurityContextHolderAwareRequestFilter@4d84688f, org.springframework.security.web.authentication.AnonymousAuthenticationFilter@3d1b43d8, org.springframework.security.web.session.SessionManagementFilter@38363e96, org.springframework.security.web.access.ExceptionTranslationFilter@af94b0b, org.springframework.security.web.access.intercept.FilterSecurityInterceptor@627d5f99]
2022-02-10 17:16:57.062  INFO 83978 --- [main] o.s.b.w.embedded.tomcat.TomcatWebServer  : Tomcat started on port(s): 8080 (http) with context path ''
2022-02-10 17:16:57.079  INFO 83978 --- [main] M.W.WalletManagementApplication          : Started WalletManagementApplication in 8.101 seconds (JVM running for 8.808)
2022-02-10 17:17:19.484  INFO 83978 --- [SpringApplicationShutdownHook] j.LocalContainerEntityManagerFactoryBean : Closing JPA EntityManagerFactory for persistence unit 'default'
2022-02-10 17:17:19.486  INFO 83978 --- [SpringApplicationShutdownHook] com.zaxxer.hikari.HikariDataSource       : HikariPool-1 - Shutdown initiated...
2022-02-10 17:17:19.499  INFO 83978 --- [SpringApplicationShutdownHook] com.zaxxer.hikari.HikariDataSource       : HikariPool-1 - Shutdown completed.
2022-02-10 17:18:04.396  INFO 84025 --- [main] M.W.c.TransactionControllerTest          : Starting TransactionControllerTest using Java 17.0.2 on PPBNOMBPBT-218.local with PID 84025 (started by ambesh.kumar in /Users/ambesh.kumar/Documents/project/UserManagement)
2022-02-10 17:18:04.398 DEBUG 84025 --- [main] M.W.c.TransactionControllerTest          : Running with Spring Boot v2.6.2, Spring v5.3.14
2022-02-10 17:18:04.399  INFO 84025 --- [main] M.W.c.TransactionControllerTest          : No active profile set, falling back to default profiles: default
2022-02-10 17:18:05.694  INFO 84025 --- [main] .s.d.r.c.RepositoryConfigurationDelegate : Bootstrapping Spring Data JPA repositories in DEFAULT mode.
2022-02-10 17:18:05.785  INFO 84025 --- [main] .s.d.r.c.RepositoryConfigurationDelegate : Finished Spring Data repository scanning in 83 ms. Found 3 JPA repository interfaces.
2022-02-10 17:18:06.948  INFO 84025 --- [main] o.hibernate.jpa.internal.util.LogHelper  : HHH000204: Processing PersistenceUnitInfo [name: default]
2022-02-10 17:18:06.984  INFO 84025 --- [main] org.hibernate.Version                    : HHH000412: Hibernate ORM core version 5.6.3.Final
2022-02-10 17:18:07.107  INFO 84025 --- [main] o.hibernate.annotations.common.Version   : HCANN000001: Hibernate Commons Annotations {5.1.2.Final}
2022-02-10 17:18:07.212  INFO 84025 --- [main] com.zaxxer.hikari.HikariDataSource       : HikariPool-1 - Starting...
2022-02-10 17:18:07.414  INFO 84025 --- [main] com.zaxxer.hikari.HikariDataSource       : HikariPool-1 - Start completed.
2022-02-10 17:18:07.436  INFO 84025 --- [main] org.hibernate.dialect.Dialect            : HHH000400: Using dialect: org.hibernate.dialect.MySQL8Dialect
2022-02-10 17:18:08.090  INFO 84025 --- [main] o.h.e.t.j.p.i.JtaPlatformInitiator       : HHH000490: Using JtaPlatform implementation: [org.hibernate.engine.transaction.jta.platform.internal.NoJtaPlatform]
2022-02-10 17:18:08.099  INFO 84025 --- [main] j.LocalContainerEntityManagerFactoryBean : Initialized JPA EntityManagerFactory for persistence unit 'default'
2022-02-10 17:18:09.092  WARN 84025 --- [main] JpaBaseConfiguration$JpaWebConfiguration : spring.jpa.open-in-view is enabled by default. Therefore, database queries may be performed during view rendering. Explicitly configure spring.jpa.open-in-view to disable this warning
2022-02-10 17:18:09.785  INFO 84025 --- [main] o.s.s.web.DefaultSecurityFilterChain     : Will secure any request with [org.springframework.security.web.context.request.async.WebAsyncManagerIntegrationFilter@56820446, org.springframework.security.web.context.SecurityContextPersistenceFilter@31b7112d, org.springframework.security.web.header.HeaderWriterFilter@11cdf948, org.springframework.security.web.authentication.logout.LogoutFilter@1a7437d8, Milestone2.Wallet_Management_Project.config.JwtAuthFilter@6c46dc02, org.springframework.security.web.savedrequest.RequestCacheAwareFilter@703a2bc9, org.springframework.security.web.servletapi.SecurityContextHolderAwareRequestFilter@1f1c7fde, org.springframework.security.web.authentication.AnonymousAuthenticationFilter@2259d54f, org.springframework.security.web.session.SessionManagementFilter@6f7c4e0, org.springframework.security.web.access.ExceptionTranslationFilter@7fc5a558, org.springframework.security.web.access.intercept.FilterSecurityInterceptor@55e88bc]
2022-02-10 17:18:12.319  INFO 84025 --- [main] o.s.b.t.m.w.SpringBootMockServletContext : Initializing Spring TestDispatcherServlet ''
2022-02-10 17:18:12.322  INFO 84025 --- [main] o.s.t.web.servlet.TestDispatcherServlet  : Initializing Servlet ''
2022-02-10 17:18:12.323  INFO 84025 --- [main] o.s.t.web.servlet.TestDispatcherServlet  : Completed initialization in 0 ms
2022-02-10 17:18:12.359  INFO 84025 --- [main] M.W.c.TransactionControllerTest          : Started TransactionControllerTest in 8.57 seconds (JVM running for 10.422)
2022-02-10 17:18:12.838  INFO 84025 --- [SpringApplicationShutdownHook] j.LocalContainerEntityManagerFactoryBean : Closing JPA EntityManagerFactory for persistence unit 'default'
2022-02-10 17:18:12.839  INFO 84025 --- [SpringApplicationShutdownHook] com.zaxxer.hikari.HikariDataSource       : HikariPool-1 - Shutdown initiated...
2022-02-10 17:18:12.848  INFO 84025 --- [SpringApplicationShutdownHook] com.zaxxer.hikari.HikariDataSource       : HikariPool-1 - Shutdown completed.
2022-02-10 17:20:52.568  INFO 84130 --- [main] M.W.c.TransactionControllerTest          : Starting TransactionControllerTest using Java 17.0.2 on PPBNOMBPBT-218.local with PID 84130 (started by ambesh.kumar in /Users/ambesh.kumar/Documents/project/UserManagement)
2022-02-10 17:20:52.569 DEBUG 84130 --- [main] M.W.c.TransactionControllerTest          : Running with Spring Boot v2.6.2, Spring v5.3.14
2022-02-10 17:20:52.570  INFO 84130 --- [main] M.W.c.TransactionControllerTest          : No active profile set, falling back to default profiles: default
2022-02-10 17:20:53.765  INFO 84130 --- [main] .s.d.r.c.RepositoryConfigurationDelegate : Bootstrapping Spring Data JPA repositories in DEFAULT mode.
2022-02-10 17:20:53.914  INFO 84130 --- [main] .s.d.r.c.RepositoryConfigurationDelegate : Finished Spring Data repository scanning in 144 ms. Found 3 JPA repository interfaces.
2022-02-10 17:20:55.017  INFO 84130 --- [main] o.hibernate.jpa.internal.util.LogHelper  : HHH000204: Processing PersistenceUnitInfo [name: default]
2022-02-10 17:20:55.052  INFO 84130 --- [main] org.hibernate.Version                    : HHH000412: Hibernate ORM core version 5.6.3.Final
2022-02-10 17:20:55.170  INFO 84130 --- [main] o.hibernate.annotations.common.Version   : HCANN000001: Hibernate Commons Annotations {5.1.2.Final}
2022-02-10 17:20:55.260  INFO 84130 --- [main] com.zaxxer.hikari.HikariDataSource       : HikariPool-1 - Starting...
2022-02-10 17:20:55.458  INFO 84130 --- [main] com.zaxxer.hikari.HikariDataSource       : HikariPool-1 - Start completed.
2022-02-10 17:20:55.480  INFO 84130 --- [main] org.hibernate.dialect.Dialect            : HHH000400: Using dialect: org.hibernate.dialect.MySQL8Dialect
2022-02-10 17:20:56.136  INFO 84130 --- [main] o.h.e.t.j.p.i.JtaPlatformInitiator       : HHH000490: Using JtaPlatform implementation: [org.hibernate.engine.transaction.jta.platform.internal.NoJtaPlatform]
2022-02-10 17:20:56.144  INFO 84130 --- [main] j.LocalContainerEntityManagerFactoryBean : Initialized JPA EntityManagerFactory for persistence unit 'default'
2022-02-10 17:20:57.324  WARN 84130 --- [main] JpaBaseConfiguration$JpaWebConfiguration : spring.jpa.open-in-view is enabled by default. Therefore, database queries may be performed during view rendering. Explicitly configure spring.jpa.open-in-view to disable this warning
2022-02-10 17:20:57.853  INFO 84130 --- [main] o.s.s.web.DefaultSecurityFilterChain     : Will secure any request with [org.springframework.security.web.context.request.async.WebAsyncManagerIntegrationFilter@44e0c3d, org.springframework.security.web.context.SecurityContextPersistenceFilter@25e203e6, org.springframework.security.web.header.HeaderWriterFilter@4700963e, org.springframework.security.web.authentication.logout.LogoutFilter@2acbe46d, Milestone2.Wallet_Management_Project.config.JwtAuthFilter@64e657b0, org.springframework.security.web.savedrequest.RequestCacheAwareFilter@31b7112d, org.springframework.security.web.servletapi.SecurityContextHolderAwareRequestFilter@346e5cc, org.springframework.security.web.authentication.AnonymousAuthenticationFilter@71891d6b, org.springframework.security.web.session.SessionManagementFilter@7efba9b9, org.springframework.security.web.access.ExceptionTranslationFilter@1fc4483f, org.springframework.security.web.access.intercept.FilterSecurityInterceptor@eabecf5]
2022-02-10 17:21:00.429  INFO 84130 --- [main] o.s.b.t.m.w.SpringBootMockServletContext : Initializing Spring TestDispatcherServlet ''
2022-02-10 17:21:00.431  INFO 84130 --- [main] o.s.t.web.servlet.TestDispatcherServlet  : Initializing Servlet ''
2022-02-10 17:21:00.433  INFO 84130 --- [main] o.s.t.web.servlet.TestDispatcherServlet  : Completed initialization in 1 ms
2022-02-10 17:21:00.470  INFO 84130 --- [main] M.W.c.TransactionControllerTest          : Started TransactionControllerTest in 8.654 seconds (JVM running for 10.429)
2022-02-10 17:21:00.960  INFO 84130 --- [SpringApplicationShutdownHook] j.LocalContainerEntityManagerFactoryBean : Closing JPA EntityManagerFactory for persistence unit 'default'
2022-02-10 17:21:00.961  INFO 84130 --- [SpringApplicationShutdownHook] com.zaxxer.hikari.HikariDataSource       : HikariPool-1 - Shutdown initiated...
2022-02-10 17:21:00.971  INFO 84130 --- [SpringApplicationShutdownHook] com.zaxxer.hikari.HikariDataSource       : HikariPool-1 - Shutdown completed.
2022-02-10 17:21:05.260  INFO 84139 --- [main] M.W.WalletManagementApplication          : Starting WalletManagementApplication using Java 17.0.2 on PPBNOMBPBT-218.local with PID 84139 (/Users/ambesh.kumar/Documents/project/UserManagement/target/classes started by ambesh.kumar in /Users/ambesh.kumar/Documents/project/UserManagement)
2022-02-10 17:21:05.263 DEBUG 84139 --- [main] M.W.WalletManagementApplication          : Running with Spring Boot v2.6.2, Spring v5.3.14
2022-02-10 17:21:05.264  INFO 84139 --- [main] M.W.WalletManagementApplication          : No active profile set, falling back to default profiles: default
2022-02-10 17:21:06.586  INFO 84139 --- [main] .s.d.r.c.RepositoryConfigurationDelegate : Bootstrapping Spring Data JPA repositories in DEFAULT mode.
2022-02-10 17:21:06.694  INFO 84139 --- [main] .s.d.r.c.RepositoryConfigurationDelegate : Finished Spring Data repository scanning in 97 ms. Found 3 JPA repository interfaces.
2022-02-10 17:21:07.695  INFO 84139 --- [main] o.s.b.w.embedded.tomcat.TomcatWebServer  : Tomcat initialized with port(s): 8080 (http)
2022-02-10 17:21:07.703  INFO 84139 --- [main] o.apache.catalina.core.StandardService   : Starting service [Tomcat]
2022-02-10 17:21:07.704  INFO 84139 --- [main] org.apache.catalina.core.StandardEngine  : Starting Servlet engine: [Apache Tomcat/9.0.56]
2022-02-10 17:21:07.824  INFO 84139 --- [main] o.a.c.c.C.[Tomcat].[localhost].[/]       : Initializing Spring embedded WebApplicationContext
2022-02-10 17:21:07.824  INFO 84139 --- [main] w.s.c.ServletWebServerApplicationContext : Root WebApplicationContext: initialization completed in 2408 ms
2022-02-10 17:21:08.133  INFO 84139 --- [main] o.hibernate.jpa.internal.util.LogHelper  : HHH000204: Processing PersistenceUnitInfo [name: default]
2022-02-10 17:21:08.164  INFO 84139 --- [main] org.hibernate.Version                    : HHH000412: Hibernate ORM core version 5.6.3.Final
2022-02-10 17:21:08.275  INFO 84139 --- [main] o.hibernate.annotations.common.Version   : HCANN000001: Hibernate Commons Annotations {5.1.2.Final}
2022-02-10 17:21:08.333  INFO 84139 --- [main] com.zaxxer.hikari.HikariDataSource       : HikariPool-1 - Starting...
2022-02-10 17:21:08.534  INFO 84139 --- [main] com.zaxxer.hikari.HikariDataSource       : HikariPool-1 - Start completed.
2022-02-10 17:21:08.552  INFO 84139 --- [main] org.hibernate.dialect.Dialect            : HHH000400: Using dialect: org.hibernate.dialect.MySQL8Dialect
2022-02-10 17:21:09.199  INFO 84139 --- [main] o.h.e.t.j.p.i.JtaPlatformInitiator       : HHH000490: Using JtaPlatform implementation: [org.hibernate.engine.transaction.jta.platform.internal.NoJtaPlatform]
2022-02-10 17:21:09.206  INFO 84139 --- [main] j.LocalContainerEntityManagerFactoryBean : Initialized JPA EntityManagerFactory for persistence unit 'default'
2022-02-10 17:21:09.643 DEBUG 84139 --- [main] M.W.config.JwtAuthFilter                 : Filter 'jwtAuthFilter' configured for use
2022-02-10 17:21:09.995  WARN 84139 --- [main] JpaBaseConfiguration$JpaWebConfiguration : spring.jpa.open-in-view is enabled by default. Therefore, database queries may be performed during view rendering. Explicitly configure spring.jpa.open-in-view to disable this warning
2022-02-10 17:21:10.492  INFO 84139 --- [main] o.s.s.web.DefaultSecurityFilterChain     : Will secure any request with [org.springframework.security.web.context.request.async.WebAsyncManagerIntegrationFilter@3462e99a, org.springframework.security.web.context.SecurityContextPersistenceFilter@402676e3, org.springframework.security.web.header.HeaderWriterFilter@9a37591, org.springframework.security.web.authentication.logout.LogoutFilter@587f6634, Milestone2.Wallet_Management_Project.config.JwtAuthFilter@2c6aa46c, org.springframework.security.web.savedrequest.RequestCacheAwareFilter@1368e2f7, org.springframework.security.web.servletapi.SecurityContextHolderAwareRequestFilter@49cd08f9, org.springframework.security.web.authentication.AnonymousAuthenticationFilter@5300694d, org.springframework.security.web.session.SessionManagementFilter@3fd6dfbc, org.springframework.security.web.access.ExceptionTranslationFilter@37a0fc8c, org.springframework.security.web.access.intercept.FilterSecurityInterceptor@61648dd2]
2022-02-10 17:21:12.323  INFO 84139 --- [main] o.s.b.w.embedded.tomcat.TomcatWebServer  : Tomcat started on port(s): 8080 (http) with context path ''
2022-02-10 17:21:12.348  INFO 84139 --- [main] M.W.WalletManagementApplication          : Started WalletManagementApplication in 7.858 seconds (JVM running for 8.589)
2022-02-10 17:21:42.650  INFO 84139 --- [http-nio-8080-exec-1] o.a.c.c.C.[Tomcat].[localhost].[/]       : Initializing Spring DispatcherServlet 'dispatcherServlet'
2022-02-10 17:21:42.651  INFO 84139 --- [http-nio-8080-exec-1] o.s.web.servlet.DispatcherServlet        : Initializing Servlet 'dispatcherServlet'
2022-02-10 17:21:42.653  INFO 84139 --- [http-nio-8080-exec-1] o.s.web.servlet.DispatcherServlet        : Completed initialization in 2 ms
2022-02-10 17:22:02.324  INFO 84139 --- [http-nio-8080-exec-7] o.springdoc.api.AbstractOpenApiResource  : Init duration for springdoc-openapi is: 720 ms
2022-02-10 17:22:39.201  INFO 84139 --- [SpringApplicationShutdownHook] j.LocalContainerEntityManagerFactoryBean : Closing JPA EntityManagerFactory for persistence unit 'default'
2022-02-10 17:22:39.203  INFO 84139 --- [SpringApplicationShutdownHook] com.zaxxer.hikari.HikariDataSource       : HikariPool-1 - Shutdown initiated...
2022-02-10 17:22:39.218  INFO 84139 --- [SpringApplicationShutdownHook] com.zaxxer.hikari.HikariDataSource       : HikariPool-1 - Shutdown completed.
